#
# A fatal error has been detected by the Java Runtime Environment:
#
#  Internal Error (javaCalls.cpp:51), pid=10568, tid=0x00002eb4
#  guarantee(thread->is_Java_thread()) failed: crucial check - the VM thread cannot and must not escape to Java code
#
# JRE version: Java(TM) SE Runtime Environment (8.0_181-b13) (build 1.8.0_181-b13)
# Java VM: Java HotSpot(TM) Client VM (25.181-b13 mixed mode windows-x86 )
# Failed to write core dump. Minidumps are not enabled by default on client versions of Windows
#
# If you would like to submit a bug report, please visit:
#   http://bugreport.java.com/bugreport/crash.jsp
#

---------------  T H R E A D  ---------------

Current thread (0x15460c00):  VMThread [stack: 0x02ea0000,0x02ef0000] [id=11956]

Stack: [0x02ea0000,0x02ef0000],  sp=0x02eef0c8,  free space=316k
Native frames: (J=compiled Java code, j=interpreted, Vv=VM code, C=native code)
V  [jvm.dll+0x1accfb]
V  [jvm.dll+0x1a5345]
V  [jvm.dll+0x15baee]
V  [jvm.dll+0x15c02f]
V  [jvm.dll+0x223ade]
V  [jvm.dll+0x15c0fe]
V  [jvm.dll+0x15c486]
V  [jvm.dll+0x1a600a]
V  [jvm.dll+0x1a6074]
V  [jvm.dll+0x1a622a]
V  [jvm.dll+0x1a6276]
V  [jvm.dll+0xb2cfb]
V  [jvm.dll+0xb33a9]
V  [jvm.dll+0xb52bf]
V  [jvm.dll+0xb63ec]
V  [jvm.dll+0xb6762]
V  [jvm.dll+0x87af1]
V  [jvm.dll+0x8817d]
V  [jvm.dll+0x882c8]
V  [jvm.dll+0x88518]
V  [jvm.dll+0xbeb6f]
V  [jvm.dll+0xce94b]
V  [jvm.dll+0x12389d]
V  [jvm.dll+0x184b5b]
V  [jvm.dll+0x183f71]
V  [jvm.dll+0x184387]
V  [jvm.dll+0x184582]
V  [jvm.dll+0x1c5416]
C  [msvcr100.dll+0x5c556]
C  [msvcr100.dll+0x5c600]
C  [KERNEL32.DLL+0x18484]
C  [ntdll.dll+0x6305a]
C  [ntdll.dll+0x6302a]

VM_Operation (0x1594f798): GetOrSetLocal, mode: safepoint, requested by thread 0x1549fc00


---------------  P R O C E S S  ---------------

Java Threads: ( => current thread )
  0x1552c000 JavaThread "Service Thread" daemon [_thread_blocked, id=8032, stack(0x15b40000,0x15b90000)]
  0x1552f400 JavaThread "C1 CompilerThread0" daemon [_thread_blocked, id=12720, stack(0x15ab0000,0x15b00000)]
  0x154a5400 JavaThread "JDWP Command Reader" daemon [_thread_in_native, id=10612, stack(0x15a20000,0x15a70000)]
  0x154a2000 JavaThread "JDWP Event Helper Thread" daemon [_thread_blocked, id=14908, stack(0x15990000,0x159e0000)]
  0x1549fc00 JavaThread "JDWP Transport Listener: dt_socket" daemon [_thread_blocked, id=10480, stack(0x15900000,0x15950000)]
  0x1549a800 JavaThread "Attach Listener" daemon [_thread_blocked, id=15528, stack(0x15870000,0x158c0000)]
  0x15498800 JavaThread "Signal Dispatcher" daemon [_thread_blocked, id=2052, stack(0x157e0000,0x15830000)]
  0x1547d800 JavaThread "Finalizer" daemon [_thread_blocked, id=13660, stack(0x15660000,0x156b0000)]
  0x15467800 JavaThread "Reference Handler" daemon [_thread_blocked, id=3052, stack(0x04f40000,0x04f90000)]
  0x02f3e000 JavaThread "main" [_thread_blocked, id=13996, stack(0x01100000,0x01150000)]

Other Threads:
=>0x15460c00 VMThread [stack: 0x02ea0000,0x02ef0000] [id=11956]
  0x15538000 WatcherThread [stack: 0x15bd0000,0x15c20000] [id=5356]

VM state:at safepoint (normal execution)

VM Mutex/Monitor currently owned by a thread:  ([mutex/lock_event])
[0x02f3c758] Threads_lock - owner thread: 0x15460c00

Heap:
 def new generation   total 4928K, used 2617K [0x05000000, 0x05550000, 0x0a550000)
  eden space 4416K,  59% used [0x05000000, 0x0528e758, 0x05450000)
  from space 512K,   0% used [0x05450000, 0x05450000, 0x054d0000)
  to   space 512K,   0% used [0x054d0000, 0x054d0000, 0x05550000)
 tenured generation   total 10944K, used 0K [0x0a550000, 0x0b000000, 0x15000000)
   the space 10944K,   0% used [0x0a550000, 0x0a550000, 0x0a550200, 0x0b000000)
 Metaspace       used 2484K, capacity 2518K, committed 2624K, reserved 4480K

Card table byte_map: [0x02cc0000,0x02d50000] byte_map_base: 0x02c98000

Polling page: 0x01160000

CodeCache: size=32768Kb used=751Kb max_used=751Kb free=32016Kb
 bounds [0x02f40000, 0x03000000, 0x04f40000]
 total_blobs=171 nmethods=35 adapters=76
 compilation: enabled

Compilation events (10 events):
Event: 0.357 Thread 0x1552f400   31   !         sun.net.www.ParseUtil::decode (316 bytes)
Event: 0.360 Thread 0x1552f400 nmethod 31 0x02ff7748 code [0x02ff7a40, 0x02ff8954]
Event: 0.361 Thread 0x1552f400   32             java.lang.StringBuilder::append (8 bytes)
Event: 0.361 Thread 0x1552f400 nmethod 32 0x02ffa208 code [0x02ffa320, 0x02ffa528]
Event: 0.363 Thread 0x1552f400   33             java.io.BufferedInputStream::getBufIfOpen (21 bytes)
Event: 0.364 Thread 0x1552f400 nmethod 33 0x02ffa748 code [0x02ffa850, 0x02ffa94c]
Event: 0.364 Thread 0x1552f400   34  s          java.io.BufferedInputStream::read (49 bytes)
Event: 0.364 Thread 0x1552f400 nmethod 34 0x02ffaa08 code [0x02ffab30, 0x02ffae28]
Event: 0.366 Thread 0x1552f400   35             java.util.StringTokenizer::scanToken (179 bytes)
Event: 0.367 Thread 0x1552f400 nmethod 35 0x02ffafc8 code [0x02ffb150, 0x02ffb578]

GC Heap History (0 events):
No events

Deoptimization events (0 events):
No events

Classes redefined (3 events):
Event: 416.451 Thread 0x15460c00 redefined class name=StringProcessing.FunctionalProgramming.Exercises._14_SumAllValues, count=1
Event: 662.177 Thread 0x15460c00 redefined class name=StringProcessing.FunctionalProgramming.Exercises._14_SumAllValues, count=2
Event: 1284.434 Thread 0x15460c00 redefined class name=StringProcessing.FunctionalProgramming.Exercises._14_SumAllValues, count=3

Internal exceptions (6 events):
Event: 0.092 Thread 0x02f3e000 Exception <a 'java/lang/NoSuchMethodError': Method sun.misc.Unsafe.defineClass(Ljava/lang/String;[BII)Ljava/lang/Class; name or signature does not match> (0x05006ea8) thrown at [C:\workspace\8-2-build-windows-i586-cygwin\jdk8u181\11358\hotspot\src\share\v
Event: 0.092 Thread 0x02f3e000 Exception <a 'java/lang/NoSuchMethodError': Method sun.misc.Unsafe.prefetchRead(Ljava/lang/Object;J)V name or signature does not match> (0x05007178) thrown at [C:\workspace\8-2-build-windows-i586-cygwin\jdk8u181\11358\hotspot\src\share\vm\prims\jni.cpp, l
Event: 0.352 Thread 0x02f3e000 Exception <a 'java/security/PrivilegedActionException'> (0x0522ee58) thrown at [C:\workspace\8-2-build-windows-i586-cygwin\jdk8u181\11358\hotspot\src\share\vm\prims\jvm.cpp, line 1435]
Event: 0.352 Thread 0x02f3e000 Exception <a 'java/security/PrivilegedActionException'> (0x0522f238) thrown at [C:\workspace\8-2-build-windows-i586-cygwin\jdk8u181\11358\hotspot\src\share\vm\prims\jvm.cpp, line 1435]
Event: 0.353 Thread 0x02f3e000 Exception <a 'java/security/PrivilegedActionException'> (0x052334f0) thrown at [C:\workspace\8-2-build-windows-i586-cygwin\jdk8u181\11358\hotspot\src\share\vm\prims\jvm.cpp, line 1435]
Event: 0.353 Thread 0x02f3e000 Exception <a 'java/security/PrivilegedActionException'> (0x052338d0) thrown at [C:\workspace\8-2-build-windows-i586-cygwin\jdk8u181\11358\hotspot\src\share\vm\prims\jvm.cpp, line 1435]

Events (10 events):
Event: 1284.430 Executing VM operation: ChangeBreakpoints done
Event: 1284.433 Executing VM operation: ChangeBreakpoints
Event: 1284.433 Executing VM operation: ChangeBreakpoints done
Event: 1284.434 Executing VM operation: RedefineClasses
Event: 1284.434 Executing VM operation: RedefineClasses done
Event: 1284.442 Executing VM operation: ChangeBreakpoints
Event: 1284.443 Executing VM operation: ChangeBreakpoints done
Event: 1284.452 Executing VM operation: ChangeBreakpoints
Event: 1284.452 Executing VM operation: ChangeBreakpoints done
Event: 1284.495 Executing VM operation: GetOrSetLocal


Dynamic libraries:
0x013d0000 - 0x01403000 	C:\Program Files (x86)\Java\jdk1.8.0_181\bin\java.exe
0x77040000 - 0x771d0000 	C:\WINDOWS\SYSTEM32\ntdll.dll
0x76e70000 - 0x76f50000 	C:\WINDOWS\System32\KERNEL32.DLL
0x745d0000 - 0x747b4000 	C:\WINDOWS\System32\KERNELBASE.dll
0x72b00000 - 0x72b9d000 	C:\WINDOWS\SYSTEM32\apphelp.dll
0x76930000 - 0x769a8000 	C:\WINDOWS\System32\ADVAPI32.dll
0x74e60000 - 0x74f1f000 	C:\WINDOWS\System32\msvcrt.dll
0x73c60000 - 0x73ca4000 	C:\WINDOWS\System32\sechost.dll
0x73e00000 - 0x73ec0000 	C:\WINDOWS\System32\RPCRT4.dll
0x73900000 - 0x73920000 	C:\WINDOWS\System32\SspiCli.dll
0x738f0000 - 0x738fa000 	C:\WINDOWS\System32\CRYPTBASE.dll
0x73ec0000 - 0x73f18000 	C:\WINDOWS\System32\bcryptPrimitives.dll
0x76ba0000 - 0x76d2d000 	C:\WINDOWS\System32\USER32.dll
0x74340000 - 0x74357000 	C:\WINDOWS\System32\win32u.dll
0x76d30000 - 0x76d52000 	C:\WINDOWS\System32\GDI32.dll
0x73f20000 - 0x74084000 	C:\WINDOWS\System32\gdi32full.dll
0x74360000 - 0x743dd000 	C:\WINDOWS\System32\msvcp_win.dll
0x748f0000 - 0x74a0e000 	C:\WINDOWS\System32\ucrtbase.dll
0x71540000 - 0x71744000 	C:\WINDOWS\WinSxS\x86_microsoft.windows.common-controls_6595b64144ccf1df_6.0.17134.285_none_42efceba44e1907b\COMCTL32.dll
0x74090000 - 0x742ec000 	C:\WINDOWS\System32\combase.dll
0x76900000 - 0x76926000 	C:\WINDOWS\System32\IMM32.DLL
0x64ab0000 - 0x64b6f000 	C:\Program Files (x86)\Java\jdk1.8.0_181\jre\bin\msvcr100.dll
0x646d0000 - 0x64aa3000 	C:\Program Files (x86)\Java\jdk1.8.0_181\jre\bin\client\jvm.dll
0x742f0000 - 0x742f6000 	C:\WINDOWS\System32\PSAPI.DLL
0x71530000 - 0x71538000 	C:\WINDOWS\SYSTEM32\WSOCK32.dll
0x769b0000 - 0x76a17000 	C:\WINDOWS\System32\WS2_32.dll
0x72820000 - 0x72844000 	C:\WINDOWS\SYSTEM32\WINMM.dll
0x73880000 - 0x73888000 	C:\WINDOWS\SYSTEM32\VERSION.dll
0x721d0000 - 0x721f3000 	C:\WINDOWS\SYSTEM32\WINMMBASE.dll
0x74300000 - 0x74339000 	C:\WINDOWS\System32\cfgmgr32.dll
0x71c00000 - 0x71c0c000 	C:\Program Files (x86)\Java\jdk1.8.0_181\jre\bin\verify.dll
0x646a0000 - 0x646c2000 	C:\Program Files (x86)\Java\jdk1.8.0_181\jre\bin\java.dll
0x64670000 - 0x6469b000 	C:\Program Files (x86)\Java\jdk1.8.0_181\jre\bin\jdwp.dll
0x712e0000 - 0x712e7000 	C:\Program Files (x86)\Java\jdk1.8.0_181\jre\bin\npt.dll
0x64650000 - 0x64670000 	C:\Program Files (x86)\Java\jdk1.8.0_181\jre\bin\instrument.dll
0x6ac70000 - 0x6ac84000 	C:\Program Files (x86)\Java\jdk1.8.0_181\jre\bin\zip.dll
0x755a0000 - 0x768ea000 	C:\WINDOWS\System32\SHELL32.dll
0x76d80000 - 0x76e08000 	C:\WINDOWS\System32\shcore.dll
0x74f80000 - 0x7553a000 	C:\WINDOWS\System32\windows.storage.dll
0x74580000 - 0x745c5000 	C:\WINDOWS\System32\shlwapi.dll
0x768f0000 - 0x768ff000 	C:\WINDOWS\System32\kernel.appcore.dll
0x74e40000 - 0x74e58000 	C:\WINDOWS\System32\profapi.dll
0x74f20000 - 0x74f65000 	C:\WINDOWS\System32\powrprof.dll
0x76b90000 - 0x76b98000 	C:\WINDOWS\System32\FLTLIB.DLL
0x6ae70000 - 0x6ae78000 	C:\Program Files (x86)\Java\jdk1.8.0_181\jre\bin\dt_socket.dll
0x72ea0000 - 0x72ef6000 	C:\WINDOWS\system32\mswsock.dll
0x713a0000 - 0x71522000 	C:\WINDOWS\SYSTEM32\dbghelp.dll

VM Arguments:
jvm_args: -agentlib:jdwp=transport=dt_socket,address=127.0.0.1:56399,suspend=y,server=n -javaagent:C:\Users\Kossyo\.IntelliJIdea2018.2\system\captureAgent\debugger-agent.jar=file:/C:/Users/Kossyo/AppData/Local/Temp/capture.props -Dfile.encoding=UTF-8 
java_command: StringProcessing.FunctionalProgramming.Exercises._14_SumAllValues
java_class_path (initial): C:\Program Files (x86)\Java\jdk1.8.0_181\jre\lib\charsets.jar;C:\Program Files (x86)\Java\jdk1.8.0_181\jre\lib\deploy.jar;C:\Program Files (x86)\Java\jdk1.8.0_181\jre\lib\ext\access-bridge-32.jar;C:\Program Files (x86)\Java\jdk1.8.0_181\jre\lib\ext\cldrdata.jar;C:\Program Files (x86)\Java\jdk1.8.0_181\jre\lib\ext\dnsns.jar;C:\Program Files (x86)\Java\jdk1.8.0_181\jre\lib\ext\jaccess.jar;C:\Program Files (x86)\Java\jdk1.8.0_181\jre\lib\ext\jfxrt.jar;C:\Program Files (x86)\Java\jdk1.8.0_181\jre\lib\ext\localedata.jar;C:\Program Files (x86)\Java\jdk1.8.0_181\jre\lib\ext\nashorn.jar;C:\Program Files (x86)\Java\jdk1.8.0_181\jre\lib\ext\sunec.jar;C:\Program Files (x86)\Java\jdk1.8.0_181\jre\lib\ext\sunjce_provider.jar;C:\Program Files (x86)\Java\jdk1.8.0_181\jre\lib\ext\sunmscapi.jar;C:\Program Files (x86)\Java\jdk1.8.0_181\jre\lib\ext\sunpkcs11.jar;C:\Program Files (x86)\Java\jdk1.8.0_181\jre\lib\ext\zipfs.jar;C:\Program Files (x86)\Java\jdk1.8.0_181\jre\lib\javaws.jar;C:\Program Files (x86)\Java\jdk1.8.0_181\jre\lib\jce.jar;C:\Program Files (x86)\Java\jdk1.8.0_181\jre\lib\jfr.jar;C:\Program Files (x86)\Java\jdk1.8.0_181\jre\lib\jfxswt.jar;C:\Program Files (x86)\Java\jdk1.8.0_181\jre\lib\jsse.jar;C:\Program Files (x86)\Java\jdk1.8.0_181\jre\lib\management-agent.jar;C:\Program Files (x86)\Java\jdk1.8.0_181\jre\lib\plugin.jar;C:\Program Files (x86)\Java\jdk1.8.0_181\jre\lib\resources.jar;C:\Program Files (x86)\Java\jdk1.8.0_181\jre\lib\rt.jar;C:\Users\Kossyo\IdeaProjects\JavaAdvanced\src\IntroToJava\FunctionalProgramming.Exercises\out\production\FunctionalProgramming.Exercises;C:\Program Files\JetBrains\IntelliJ IDEA 2018.2\lib\idea_rt.jar;C:\Users\Kossyo\.IntelliJIdea2018.2\system\captureAgent\debugger-agent.jar
Launcher Type: SUN_STANDARD

Environment Variables:
JAVA_HOME=C:\Program Files\Java\jdk1.8.0_144
PATH=C:\Program Files\Microsoft MPI\Bin\;"C:\ProgramData\Oracle\Java\javapath;C:\Program Files\Java\jdk1.8.0_144\bin;C:\Program Files\Java\jre1.8.0_144\bin";C:\WINDOWS\system32;C:\WINDOWS;C:\WINDOWS\System32\Wbem;C:\WINDOWS\System32\WindowsPowerShell\v1.0\;C:\Program Files\Java\jre1.8.0_144\bin;C:\Program Files\dotnet\;C:\Program Files\Microsoft SQL Server\130\Tools\Binn\;C:\Program Files\Git\cmd;C:\WINDOWS\System32\OpenSSH\;C:\Program Files\nodejs\;C:\Program Files (x86)\Microsoft SQL Server\Client SDK\ODBC\130\Tools\Binn\;C:\Program Files (x86)\Microsoft SQL Server\140\Tools\Binn\;C:\Program Files (x86)\Microsoft SQL Server\140\DTS\Binn\;C:\Program Files (x86)\Microsoft SQL Server\140\Tools\Binn\ManagementStudio\;C:\Users\Kossyo\AppData\Local\Microsoft\WindowsApps;C:\Users\Kossyo\AppData\Roaming\npm
USERNAME=Kossyo
OS=Windows_NT
PROCESSOR_IDENTIFIER=Intel64 Family 6 Model 142 Stepping 9, GenuineIntel



---------------  S Y S T E M  ---------------

OS: Windows 10.0 , 64 bit Build 17134 (10.0.17134.1)

CPU:total 4 (initial active 4) (2 cores per cpu, 2 threads per core) family 6 model 142 stepping 9, cmov, cx8, fxsr, mmx, sse, sse2, sse3, ssse3, sse4.1, sse4.2, popcnt, avx, avx2, aes, clmul, erms, 3dnowpref, lzcnt, ht, tsc, tscinvbit, bmi1, bmi2, adx

Memory: 4k page, physical 8266228k(3994716k free), swap 9576948k(3757060k free)

vm_info: Java HotSpot(TM) Client VM (25.181-b13) for windows-x86 JRE (1.8.0_181-b13), built on Jul  7 2018 03:18:20 by "java_re" with MS VC++ 10.0 (VS2010)

time: Mon Sep 24 14:44:31 2018
elapsed time: 1284 seconds (0d 0h 21m 24s)

