#
# A fatal error has been detected by the Java Runtime Environment:
#
#  EXCEPTION_ACCESS_VIOLATION (0xc0000005) at pc=0x68dfd6fe, pid=11620, tid=0x000036ac
#
# JRE version: Java(TM) SE Runtime Environment (8.0_181-b13) (build 1.8.0_181-b13)
# Java VM: Java HotSpot(TM) Client VM (25.181-b13 mixed mode windows-x86 )
# Problematic frame:
# V  [jvm.dll+0xad6fe]
#
# Failed to write core dump. Minidumps are not enabled by default on client versions of Windows
#
# If you would like to submit a bug report, please visit:
#   http://bugreport.java.com/bugreport/crash.jsp
#

---------------  T H R E A D  ---------------

Current thread (0x14a60c00):  VMThread [stack: 0x14c60000,0x14cb0000] [id=13996]

siginfo: ExceptionCode=0xc0000005, reading address 0x14906410

Registers:
EAX=0x14906410, EBX=0x00000000, ECX=0x1483b820, EDX=0x1483c2e8
ESP=0x14caf180, EBP=0x14caf180, ESI=0x14caf6e8, EDI=0x14caf608
EIP=0x68dfd6fe, EFLAGS=0x00010206

Top of Stack: (sp=0x14caf180)
0x14caf180:   14caf5d0 68e03c5d 0000ca12 00000000
0x14caf190:   14caf608 14caf6e8 00000131 69035bd4
0x14caf1a0:   024713b8 00000003 00000000 0000000c
0x14caf1b0:   14caf1b8 00000002 4fffffff 2fffffff
0x14caf1c0:   4fffffff 4fffffff 4fffffff 68e03dbf
0x14caf1d0:   69035bd4 14b2b428 00000018 14caf6e8
0x14caf1e0:   14caf638 68e03d70 14caf670 024c8170
0x14caf1f0:   024c81a4 00000000 14caf670 14caf6e8 

Instructions: (pc=0x68dfd6fe)
0x68dfd6de:   08 8b 00 25 ff ff 00 00 0f b7 44 81 2e 0f b7 44
0x68dfd6ee:   81 2e 8b 44 81 2c 5d c2 08 00 03 c0 8d 44 c2 08
0x68dfd6fe:   8b 00 25 ff ff 00 00 0f b7 44 81 2e 0f b7 54 81
0x68dfd70e:   2e 8b 44 91 2c 5d c2 08 00 8b 51 04 80 7c 02 04 


Register to memory mapping:

EAX=0x14906410 is an unknown value
EBX=0x00000000 is an unknown value
ECX=0x1483b820 is pointing into metadata
EDX=0x1483c2e8 is pointing into metadata
ESP=0x14caf180 is an unknown value
EBP=0x14caf180 is an unknown value
ESI=0x14caf6e8 is an unknown value
EDI=0x14caf608 is an unknown value


Stack: [0x14c60000,0x14cb0000],  sp=0x14caf180,  free space=316k
Native frames: (J=compiled Java code, j=interpreted, Vv=VM code, C=native code)
V  [jvm.dll+0xad6fe]
V  [jvm.dll+0xb3c5d]
V  [jvm.dll+0xb5640]
V  [jvm.dll+0xb63ec]
V  [jvm.dll+0xb6762]
V  [jvm.dll+0x87af1]
V  [jvm.dll+0x8817d]
V  [jvm.dll+0x882c8]
V  [jvm.dll+0x88518]
V  [jvm.dll+0xbeb6f]
V  [jvm.dll+0xce94b]
V  [jvm.dll+0x12389d]
V  [jvm.dll+0x184b5b]
V  [jvm.dll+0x183f71]
V  [jvm.dll+0x184387]
V  [jvm.dll+0x184582]
V  [jvm.dll+0x1c5416]
C  [msvcr100.dll+0x5c556]
C  [msvcr100.dll+0x5c600]
C  [KERNEL32.DLL+0x18484]
C  [ntdll.dll+0x6305a]
C  [ntdll.dll+0x6302a]

VM_Operation (0x1506f908): GetOrSetLocal, mode: safepoint, requested by thread 0x14a94c00


---------------  P R O C E S S  ---------------

Java Threads: ( => current thread )
  0x14b59800 JavaThread "Service Thread" daemon [_thread_blocked, id=7148, stack(0x15260000,0x152b0000)]
  0x14b30800 JavaThread "C1 CompilerThread0" daemon [_thread_blocked, id=15036, stack(0x151d0000,0x15220000)]
  0x14aa5000 JavaThread "JDWP Command Reader" daemon [_thread_in_native, id=1020, stack(0x15140000,0x15190000)]
  0x14a97c00 JavaThread "JDWP Event Helper Thread" daemon [_thread_blocked, id=7540, stack(0x150b0000,0x15100000)]
  0x14a94c00 JavaThread "JDWP Transport Listener: dt_socket" daemon [_thread_blocked, id=5612, stack(0x15020000,0x15070000)]
  0x14a9a800 JavaThread "Attach Listener" daemon [_thread_blocked, id=1288, stack(0x14f90000,0x14fe0000)]
  0x14a98800 JavaThread "Signal Dispatcher" daemon [_thread_blocked, id=4968, stack(0x14f00000,0x14f50000)]
  0x14a7a000 JavaThread "Finalizer" daemon [_thread_blocked, id=14296, stack(0x14d80000,0x14dd0000)]
  0x14a67800 JavaThread "Reference Handler" daemon [_thread_blocked, id=4204, stack(0x14cf0000,0x14d40000)]
  0x003ee000 JavaThread "main" [_thread_blocked, id=14108, stack(0x00bd0000,0x00c20000)]

Other Threads:
=>0x14a60c00 VMThread [stack: 0x14c60000,0x14cb0000] [id=13996]
  0x14b39800 WatcherThread [stack: 0x152f0000,0x15340000] [id=10456]

VM state:at safepoint (normal execution)

VM Mutex/Monitor currently owned by a thread:  ([mutex/lock_event])
[0x003ec960] Threads_lock - owner thread: 0x14a60c00

Heap:
 def new generation   total 4928K, used 1911K [0x04600000, 0x04b50000, 0x09b50000)
  eden space 4416K,  43% used [0x04600000, 0x047ddf88, 0x04a50000)
  from space 512K,   0% used [0x04a50000, 0x04a50000, 0x04ad0000)
  to   space 512K,   0% used [0x04ad0000, 0x04ad0000, 0x04b50000)
 tenured generation   total 10944K, used 0K [0x09b50000, 0x0a600000, 0x14600000)
   the space 10944K,   0% used [0x09b50000, 0x09b50000, 0x09b50200, 0x0a600000)
 Metaspace       used 2121K, capacity 2312K, committed 2368K, reserved 4480K

Card table byte_map: [0x04550000,0x045e0000] byte_map_base: 0x0452d000

Polling page: 0x00920000

CodeCache: size=32768Kb used=672Kb max_used=672Kb free=32095Kb
 bounds [0x02550000, 0x02600000, 0x04550000]
 total_blobs=148 nmethods=16 adapters=72
 compilation: enabled

Compilation events (10 events):
Event: 0.239 Thread 0x14b30800   12             java.lang.String::indexOf (166 bytes)
Event: 0.240 Thread 0x14b30800 nmethod 12 0x025f69c8 code [0x025f6ae0, 0x025f6d30]
Event: 0.240 Thread 0x14b30800   13             java.lang.String::replace (127 bytes)
Event: 0.240 Thread 0x14b30800 nmethod 13 0x025f7088 code [0x025f71a0, 0x025f7430]
Event: 0.240 Thread 0x14b30800   14             java.lang.String::charAt (29 bytes)
Event: 0.240 Thread 0x14b30800 nmethod 14 0x025f76c8 code [0x025f77e0, 0x025f78dc]
Event: 0.240 Thread 0x14b30800   15             java.lang.AbstractStringBuilder::ensureCapacityInternal (27 bytes)
Event: 0.240 Thread 0x14b30800 nmethod 15 0x025f79c8 code [0x025f7ae0, 0x025f7ca8]
Event: 0.240 Thread 0x14b30800   16             java.lang.AbstractStringBuilder::append (29 bytes)
Event: 0.241 Thread 0x14b30800 nmethod 16 0x025f7dc8 code [0x025f7ee0, 0x025f80e8]

GC Heap History (0 events):
No events

Deoptimization events (0 events):
No events

Classes redefined (2 events):
Event: 253.822 Thread 0x14a60c00 redefined class name=ExamPreparation._27aug2018._02_BombFiled, count=1
Event: 312.439 Thread 0x14a60c00 redefined class name=ExamPreparation._27aug2018._02_BombFiled, count=2

Internal exceptions (2 events):
Event: 0.037 Thread 0x003ee000 Exception <a 'java/lang/NoSuchMethodError': Method sun.misc.Unsafe.defineClass(Ljava/lang/String;[BII)Ljava/lang/Class; name or signature does not match> (0x04606ea8) thrown at [C:\workspace\8-2-build-windows-i586-cygwin\jdk8u181\11358\hotspot\src\share\v
Event: 0.037 Thread 0x003ee000 Exception <a 'java/lang/NoSuchMethodError': Method sun.misc.Unsafe.prefetchRead(Ljava/lang/Object;J)V name or signature does not match> (0x04607178) thrown at [C:\workspace\8-2-build-windows-i586-cygwin\jdk8u181\11358\hotspot\src\share\vm\prims\jni.cpp, l

Events (10 events):
Event: 312.435 Executing VM operation: ChangeBreakpoints done
Event: 312.435 Executing VM operation: ChangeBreakpoints
Event: 312.435 Executing VM operation: ChangeBreakpoints done
Event: 312.439 Executing VM operation: RedefineClasses
Event: 312.439 Executing VM operation: RedefineClasses done
Event: 312.462 Executing VM operation: ChangeBreakpoints
Event: 312.463 Executing VM operation: ChangeBreakpoints done
Event: 312.465 Executing VM operation: ChangeBreakpoints
Event: 312.465 Executing VM operation: ChangeBreakpoints done
Event: 312.485 Executing VM operation: GetOrSetLocal


Dynamic libraries:
0x00c90000 - 0x00cc3000 	C:\Program Files (x86)\Java\jdk1.8.0_181\bin\java.exe
0x77100000 - 0x77290000 	C:\WINDOWS\SYSTEM32\ntdll.dll
0x76f20000 - 0x77000000 	C:\WINDOWS\System32\KERNEL32.DLL
0x768b0000 - 0x76a94000 	C:\WINDOWS\System32\KERNELBASE.dll
0x70e80000 - 0x70f1d000 	C:\WINDOWS\SYSTEM32\apphelp.dll
0x742c0000 - 0x74338000 	C:\WINDOWS\System32\ADVAPI32.dll
0x76e60000 - 0x76f1f000 	C:\WINDOWS\System32\msvcrt.dll
0x73cb0000 - 0x73cf4000 	C:\WINDOWS\System32\sechost.dll
0x74a50000 - 0x74b10000 	C:\WINDOWS\System32\RPCRT4.dll
0x739c0000 - 0x739e0000 	C:\WINDOWS\System32\SspiCli.dll
0x739b0000 - 0x739ba000 	C:\WINDOWS\System32\CRYPTBASE.dll
0x73be0000 - 0x73c38000 	C:\WINDOWS\System32\bcryptPrimitives.dll
0x762a0000 - 0x7642d000 	C:\WINDOWS\System32\USER32.dll
0x76780000 - 0x76797000 	C:\WINDOWS\System32\win32u.dll
0x76750000 - 0x76772000 	C:\WINDOWS\System32\GDI32.dll
0x74590000 - 0x746f4000 	C:\WINDOWS\System32\gdi32full.dll
0x76830000 - 0x768ad000 	C:\WINDOWS\System32\msvcp_win.dll
0x748a0000 - 0x749be000 	C:\WINDOWS\System32\ucrtbase.dll
0x6e550000 - 0x6e754000 	C:\WINDOWS\WinSxS\x86_microsoft.windows.common-controls_6595b64144ccf1df_6.0.17134.285_none_42efceba44e1907b\COMCTL32.dll
0x76aa0000 - 0x76cfc000 	C:\WINDOWS\System32\combase.dll
0x74780000 - 0x747a6000 	C:\WINDOWS\System32\IMM32.DLL
0x69130000 - 0x691ef000 	C:\Program Files (x86)\Java\jdk1.8.0_181\jre\bin\msvcr100.dll
0x68d50000 - 0x69123000 	C:\Program Files (x86)\Java\jdk1.8.0_181\jre\bin\client\jvm.dll
0x74700000 - 0x74706000 	C:\WINDOWS\System32\PSAPI.DLL
0x6cc10000 - 0x6cc18000 	C:\WINDOWS\SYSTEM32\WSOCK32.dll
0x70cb0000 - 0x70cd4000 	C:\WINDOWS\SYSTEM32\WINMM.dll
0x73940000 - 0x73948000 	C:\WINDOWS\SYSTEM32\VERSION.dll
0x73c40000 - 0x73ca7000 	C:\WINDOWS\System32\WS2_32.dll
0x706d0000 - 0x706f3000 	C:\WINDOWS\SYSTEM32\WINMMBASE.dll
0x74a10000 - 0x74a49000 	C:\WINDOWS\System32\cfgmgr32.dll
0x6f9a0000 - 0x6f9ac000 	C:\Program Files (x86)\Java\jdk1.8.0_181\jre\bin\verify.dll
0x68d20000 - 0x68d42000 	C:\Program Files (x86)\Java\jdk1.8.0_181\jre\bin\java.dll
0x68cd0000 - 0x68cfb000 	C:\Program Files (x86)\Java\jdk1.8.0_181\jre\bin\jdwp.dll
0x6f990000 - 0x6f997000 	C:\Program Files (x86)\Java\jdk1.8.0_181\jre\bin\npt.dll
0x68980000 - 0x689a0000 	C:\Program Files (x86)\Java\jdk1.8.0_181\jre\bin\instrument.dll
0x68d00000 - 0x68d14000 	C:\Program Files (x86)\Java\jdk1.8.0_181\jre\bin\zip.dll
0x74f50000 - 0x7629a000 	C:\WINDOWS\System32\SHELL32.dll
0x76570000 - 0x765f8000 	C:\WINDOWS\System32\shcore.dll
0x73d00000 - 0x742ba000 	C:\WINDOWS\System32\windows.storage.dll
0x749c0000 - 0x74a05000 	C:\WINDOWS\System32\shlwapi.dll
0x739e0000 - 0x739ef000 	C:\WINDOWS\System32\kernel.appcore.dll
0x73bc0000 - 0x73bd8000 	C:\WINDOWS\System32\profapi.dll
0x74710000 - 0x74755000 	C:\WINDOWS\System32\powrprof.dll
0x77000000 - 0x77008000 	C:\WINDOWS\System32\FLTLIB.DLL
0x68870000 - 0x68878000 	C:\Program Files (x86)\Java\jdk1.8.0_181\jre\bin\dt_socket.dll
0x73750000 - 0x737a6000 	C:\WINDOWS\system32\mswsock.dll
0x6f6c0000 - 0x6f842000 	C:\WINDOWS\SYSTEM32\dbghelp.dll

VM Arguments:
jvm_args: -agentlib:jdwp=transport=dt_socket,address=127.0.0.1:63779,suspend=y,server=n -javaagent:C:\Users\Kossyo\.IntelliJIdea2018.2\system\captureAgent\debugger-agent.jar=file:/C:/Users/Kossyo/AppData/Local/Temp/capture.props -Dfile.encoding=UTF-8 
java_command: ExamPreparation._27aug2018._02_BombFiled
java_class_path (initial): C:\Program Files (x86)\Java\jdk1.8.0_181\jre\lib\charsets.jar;C:\Program Files (x86)\Java\jdk1.8.0_181\jre\lib\deploy.jar;C:\Program Files (x86)\Java\jdk1.8.0_181\jre\lib\ext\access-bridge-32.jar;C:\Program Files (x86)\Java\jdk1.8.0_181\jre\lib\ext\cldrdata.jar;C:\Program Files (x86)\Java\jdk1.8.0_181\jre\lib\ext\dnsns.jar;C:\Program Files (x86)\Java\jdk1.8.0_181\jre\lib\ext\jaccess.jar;C:\Program Files (x86)\Java\jdk1.8.0_181\jre\lib\ext\jfxrt.jar;C:\Program Files (x86)\Java\jdk1.8.0_181\jre\lib\ext\localedata.jar;C:\Program Files (x86)\Java\jdk1.8.0_181\jre\lib\ext\nashorn.jar;C:\Program Files (x86)\Java\jdk1.8.0_181\jre\lib\ext\sunec.jar;C:\Program Files (x86)\Java\jdk1.8.0_181\jre\lib\ext\sunjce_provider.jar;C:\Program Files (x86)\Java\jdk1.8.0_181\jre\lib\ext\sunmscapi.jar;C:\Program Files (x86)\Java\jdk1.8.0_181\jre\lib\ext\sunpkcs11.jar;C:\Program Files (x86)\Java\jdk1.8.0_181\jre\lib\ext\zipfs.jar;C:\Program Files (x86)\Java\jdk1.8.0_181\jre\lib\javaws.jar;C:\Program Files (x86)\Java\jdk1.8.0_181\jre\lib\jce.jar;C:\Program Files (x86)\Java\jdk1.8.0_181\jre\lib\jfr.jar;C:\Program Files (x86)\Java\jdk1.8.0_181\jre\lib\jfxswt.jar;C:\Program Files (x86)\Java\jdk1.8.0_181\jre\lib\jsse.jar;C:\Program Files (x86)\Java\jdk1.8.0_181\jre\lib\management-agent.jar;C:\Program Files (x86)\Java\jdk1.8.0_181\jre\lib\plugin.jar;C:\Program Files (x86)\Java\jdk1.8.0_181\jre\lib\resources.jar;C:\Program Files (x86)\Java\jdk1.8.0_181\jre\lib\rt.jar;C:\Users\Kossyo\IdeaProjects\JavaAdvanced\src\IntroToJava\Exercises\out\production\Exercises;C:\Program Files\JetBrains\IntelliJ IDEA 2018.2\lib\idea_rt.jar;C:\Users\Kossyo\.IntelliJIdea2018.2\system\captureAgent\debugger-agent.jar
Launcher Type: SUN_STANDARD

Environment Variables:
JAVA_HOME=C:\Program Files\Java\jdk1.8.0_144
PATH=C:\Program Files\Microsoft MPI\Bin\;"C:\ProgramData\Oracle\Java\javapath;C:\Program Files\Java\jdk1.8.0_144\bin;C:\Program Files\Java\jre1.8.0_144\bin";C:\WINDOWS\system32;C:\WINDOWS;C:\WINDOWS\System32\Wbem;C:\WINDOWS\System32\WindowsPowerShell\v1.0\;C:\Program Files\Java\jre1.8.0_144\bin;C:\Program Files\dotnet\;C:\Program Files\Microsoft SQL Server\130\Tools\Binn\;C:\Program Files\Git\cmd;C:\WINDOWS\System32\OpenSSH\;C:\Program Files\nodejs\;C:\Program Files (x86)\Microsoft SQL Server\Client SDK\ODBC\130\Tools\Binn\;C:\Program Files (x86)\Microsoft SQL Server\140\Tools\Binn\;C:\Program Files (x86)\Microsoft SQL Server\140\DTS\Binn\;C:\Program Files (x86)\Microsoft SQL Server\140\Tools\Binn\ManagementStudio\;C:\Users\Kossyo\AppData\Local\Microsoft\WindowsApps;C:\Users\Kossyo\AppData\Roaming\npm
USERNAME=Kossyo
OS=Windows_NT
PROCESSOR_IDENTIFIER=Intel64 Family 6 Model 142 Stepping 9, GenuineIntel



---------------  S Y S T E M  ---------------

OS: Windows 10.0 , 64 bit Build 17134 (10.0.17134.1)

CPU:total 4 (initial active 4) (2 cores per cpu, 2 threads per core) family 6 model 142 stepping 9, cmov, cx8, fxsr, mmx, sse, sse2, sse3, ssse3, sse4.1, sse4.2, popcnt, avx, avx2, aes, clmul, erms, 3dnowpref, lzcnt, ht, tsc, tscinvbit, bmi1, bmi2, adx

Memory: 4k page, physical 8266228k(3617824k free), swap 9588492k(2338660k free)

vm_info: Java HotSpot(TM) Client VM (25.181-b13) for windows-x86 JRE (1.8.0_181-b13), built on Jul  7 2018 03:18:20 by "java_re" with MS VC++ 10.0 (VS2010)

time: Wed Oct 10 14:44:40 2018
elapsed time: 312 seconds (0d 0h 5m 12s)

