#
# A fatal error has been detected by the Java Runtime Environment:
#
#  EXCEPTION_ACCESS_VIOLATION (0xc0000005) at pc=0x68dfd6fe, pid=8860, tid=0x00002cac
#
# JRE version: Java(TM) SE Runtime Environment (8.0_181-b13) (build 1.8.0_181-b13)
# Java VM: Java HotSpot(TM) Client VM (25.181-b13 mixed mode windows-x86 )
# Problematic frame:
# V  [jvm.dll+0xad6fe]
#
# Failed to write core dump. Minidumps are not enabled by default on client versions of Windows
#
# If you would like to submit a bug report, please visit:
#   http://bugreport.java.com/bugreport/crash.jsp
#

---------------  T H R E A D  ---------------

Current thread (0x14860c00):  VMThread [stack: 0x04370000,0x043c0000] [id=11436]

siginfo: ExceptionCode=0xc0000005, reading address 0x14706410

Registers:
EAX=0x14706410, EBX=0x00000000, ECX=0x1463b820, EDX=0x1463c2e8
ESP=0x043bf130, EBP=0x043bf130, ESI=0x043bf698, EDI=0x043bf5b8
EIP=0x68dfd6fe, EFLAGS=0x00010206

Top of Stack: (sp=0x043bf130)
0x043bf130:   043bf580 68e03c5d 0000ca12 00000000
0x043bf140:   043bf5b8 043bf698 00000131 69035bd4
0x043bf150:   022013b8 00000003 00000000 0000000c
0x043bf160:   043bf168 00000002 4fffffff 2fffffff
0x043bf170:   4fffffff 4fffffff 4fffffff 68e03dbf
0x043bf180:   69035bd4 1492bde8 00000018 043bf698
0x043bf190:   043bf5e8 68e03d70 043bf620 02258170
0x043bf1a0:   022581a4 00000000 043bf620 043bf698 

Instructions: (pc=0x68dfd6fe)
0x68dfd6de:   08 8b 00 25 ff ff 00 00 0f b7 44 81 2e 0f b7 44
0x68dfd6ee:   81 2e 8b 44 81 2c 5d c2 08 00 03 c0 8d 44 c2 08
0x68dfd6fe:   8b 00 25 ff ff 00 00 0f b7 44 81 2e 0f b7 54 81
0x68dfd70e:   2e 8b 44 91 2c 5d c2 08 00 8b 51 04 80 7c 02 04 


Register to memory mapping:

EAX=0x14706410 is an unknown value
EBX=0x00000000 is an unknown value
ECX=0x1463b820 is pointing into metadata
EDX=0x1463c2e8 is pointing into metadata
ESP=0x043bf130 is an unknown value
EBP=0x043bf130 is an unknown value
ESI=0x043bf698 is an unknown value
EDI=0x043bf5b8 is an unknown value


Stack: [0x04370000,0x043c0000],  sp=0x043bf130,  free space=316k
Native frames: (J=compiled Java code, j=interpreted, Vv=VM code, C=native code)
V  [jvm.dll+0xad6fe]
V  [jvm.dll+0xb3c5d]
V  [jvm.dll+0xb5640]
V  [jvm.dll+0xb63ec]
V  [jvm.dll+0xb6762]
V  [jvm.dll+0x87af1]
V  [jvm.dll+0x8817d]
V  [jvm.dll+0x882c8]
V  [jvm.dll+0x88518]
V  [jvm.dll+0xbeb6f]
V  [jvm.dll+0xce94b]
V  [jvm.dll+0x12389d]
V  [jvm.dll+0x184b5b]
V  [jvm.dll+0x183f71]
V  [jvm.dll+0x184387]
V  [jvm.dll+0x184582]
V  [jvm.dll+0x1c5416]
C  [msvcr100.dll+0x5c556]
C  [msvcr100.dll+0x5c600]
C  [KERNEL32.DLL+0x18484]
C  [ntdll.dll+0x6305a]
C  [ntdll.dll+0x6302a]

VM_Operation (0x14ddf3c8): GetOrSetLocal, mode: safepoint, requested by thread 0x1489f000


---------------  P R O C E S S  ---------------

Java Threads: ( => current thread )
  0x1494e800 JavaThread "Service Thread" daemon [_thread_blocked, id=2124, stack(0x14fd0000,0x15020000)]
  0x14928c00 JavaThread "C1 CompilerThread0" daemon [_thread_blocked, id=6764, stack(0x14f40000,0x14f90000)]
  0x148a5400 JavaThread "JDWP Command Reader" daemon [_thread_in_native, id=15160, stack(0x14eb0000,0x14f00000)]
  0x148a2000 JavaThread "JDWP Event Helper Thread" daemon [_thread_blocked, id=13660, stack(0x14e20000,0x14e70000)]
  0x1489f000 JavaThread "JDWP Transport Listener: dt_socket" daemon [_thread_blocked, id=14684, stack(0x14d90000,0x14de0000)]
  0x1489a800 JavaThread "Attach Listener" daemon [_thread_blocked, id=1472, stack(0x14d00000,0x14d50000)]
  0x14898800 JavaThread "Signal Dispatcher" daemon [_thread_blocked, id=7548, stack(0x14c70000,0x14cc0000)]
  0x1487d800 JavaThread "Finalizer" daemon [_thread_blocked, id=4144, stack(0x14af0000,0x14b40000)]
  0x14867800 JavaThread "Reference Handler" daemon [_thread_blocked, id=2192, stack(0x14a60000,0x14ab0000)]
  0x001ae000 JavaThread "main" [_thread_blocked, id=11956, stack(0x00a90000,0x00ae0000)]

Other Threads:
=>0x14860c00 VMThread [stack: 0x04370000,0x043c0000] [id=11436]
  0x14958000 WatcherThread [stack: 0x15060000,0x150b0000] [id=9596]

VM state:at safepoint (normal execution)

VM Mutex/Monitor currently owned by a thread:  ([mutex/lock_event])
[0x001ac550] Threads_lock - owner thread: 0x14860c00

Heap:
 def new generation   total 4928K, used 1911K [0x04400000, 0x04950000, 0x09950000)
  eden space 4416K,  43% used [0x04400000, 0x045ddf88, 0x04850000)
  from space 512K,   0% used [0x04850000, 0x04850000, 0x048d0000)
  to   space 512K,   0% used [0x048d0000, 0x048d0000, 0x04950000)
 tenured generation   total 10944K, used 0K [0x09950000, 0x0a400000, 0x14400000)
   the space 10944K,   0% used [0x09950000, 0x09950000, 0x09950200, 0x0a400000)
 Metaspace       used 2121K, capacity 2312K, committed 2368K, reserved 4480K

Card table byte_map: [0x042e0000,0x04370000] byte_map_base: 0x042be000

Polling page: 0x00650000

CodeCache: size=32768Kb used=672Kb max_used=672Kb free=32095Kb
 bounds [0x022e0000, 0x02390000, 0x042e0000]
 total_blobs=148 nmethods=16 adapters=72
 compilation: enabled

Compilation events (10 events):
Event: 0.222 Thread 0x14928c00   12             java.lang.String::indexOf (166 bytes)
Event: 0.222 Thread 0x14928c00 nmethod 12 0x023869c8 code [0x02386ae0, 0x02386d30]
Event: 0.222 Thread 0x14928c00   13             java.lang.String::replace (127 bytes)
Event: 0.223 Thread 0x14928c00 nmethod 13 0x02387088 code [0x023871a0, 0x02387430]
Event: 0.223 Thread 0x14928c00   14             java.lang.String::charAt (29 bytes)
Event: 0.223 Thread 0x14928c00 nmethod 14 0x023876c8 code [0x023877e0, 0x023878dc]
Event: 0.223 Thread 0x14928c00   15             java.lang.AbstractStringBuilder::ensureCapacityInternal (27 bytes)
Event: 0.223 Thread 0x14928c00 nmethod 15 0x023879c8 code [0x02387ae0, 0x02387ca8]
Event: 0.223 Thread 0x14928c00   16             java.lang.AbstractStringBuilder::append (29 bytes)
Event: 0.224 Thread 0x14928c00 nmethod 16 0x02387dc8 code [0x02387ee0, 0x023880e8]

GC Heap History (0 events):
No events

Deoptimization events (0 events):
No events

Classes redefined (2 events):
Event: 535.844 Thread 0x14860c00 redefined class name=ExamPreparation._27aug2018._02_BombFiled, count=1
Event: 594.497 Thread 0x14860c00 redefined class name=ExamPreparation._27aug2018._02_BombFiled, count=2

Internal exceptions (2 events):
Event: 0.048 Thread 0x001ae000 Exception <a 'java/lang/NoSuchMethodError': Method sun.misc.Unsafe.defineClass(Ljava/lang/String;[BII)Ljava/lang/Class; name or signature does not match> (0x04406ea8) thrown at [C:\workspace\8-2-build-windows-i586-cygwin\jdk8u181\11358\hotspot\src\share\v
Event: 0.048 Thread 0x001ae000 Exception <a 'java/lang/NoSuchMethodError': Method sun.misc.Unsafe.prefetchRead(Ljava/lang/Object;J)V name or signature does not match> (0x04407178) thrown at [C:\workspace\8-2-build-windows-i586-cygwin\jdk8u181\11358\hotspot\src\share\vm\prims\jni.cpp, l

Events (10 events):
Event: 594.491 Executing VM operation: ChangeBreakpoints done
Event: 594.492 Executing VM operation: ChangeBreakpoints
Event: 594.492 Executing VM operation: ChangeBreakpoints done
Event: 594.496 Executing VM operation: RedefineClasses
Event: 594.497 Executing VM operation: RedefineClasses done
Event: 594.507 Executing VM operation: ChangeBreakpoints
Event: 594.507 Executing VM operation: ChangeBreakpoints done
Event: 594.509 Executing VM operation: ChangeBreakpoints
Event: 594.509 Executing VM operation: ChangeBreakpoints done
Event: 594.520 Executing VM operation: GetOrSetLocal


Dynamic libraries:
0x00c90000 - 0x00cc3000 	C:\Program Files (x86)\Java\jdk1.8.0_181\bin\java.exe
0x77100000 - 0x77290000 	C:\WINDOWS\SYSTEM32\ntdll.dll
0x76f20000 - 0x77000000 	C:\WINDOWS\System32\KERNEL32.DLL
0x768b0000 - 0x76a94000 	C:\WINDOWS\System32\KERNELBASE.dll
0x70e80000 - 0x70f1d000 	C:\WINDOWS\SYSTEM32\apphelp.dll
0x742c0000 - 0x74338000 	C:\WINDOWS\System32\ADVAPI32.dll
0x76e60000 - 0x76f1f000 	C:\WINDOWS\System32\msvcrt.dll
0x73cb0000 - 0x73cf4000 	C:\WINDOWS\System32\sechost.dll
0x74a50000 - 0x74b10000 	C:\WINDOWS\System32\RPCRT4.dll
0x739c0000 - 0x739e0000 	C:\WINDOWS\System32\SspiCli.dll
0x739b0000 - 0x739ba000 	C:\WINDOWS\System32\CRYPTBASE.dll
0x73be0000 - 0x73c38000 	C:\WINDOWS\System32\bcryptPrimitives.dll
0x762a0000 - 0x7642d000 	C:\WINDOWS\System32\USER32.dll
0x76780000 - 0x76797000 	C:\WINDOWS\System32\win32u.dll
0x76750000 - 0x76772000 	C:\WINDOWS\System32\GDI32.dll
0x74590000 - 0x746f4000 	C:\WINDOWS\System32\gdi32full.dll
0x76830000 - 0x768ad000 	C:\WINDOWS\System32\msvcp_win.dll
0x748a0000 - 0x749be000 	C:\WINDOWS\System32\ucrtbase.dll
0x6e550000 - 0x6e754000 	C:\WINDOWS\WinSxS\x86_microsoft.windows.common-controls_6595b64144ccf1df_6.0.17134.285_none_42efceba44e1907b\COMCTL32.dll
0x76aa0000 - 0x76cfc000 	C:\WINDOWS\System32\combase.dll
0x74780000 - 0x747a6000 	C:\WINDOWS\System32\IMM32.DLL
0x69130000 - 0x691ef000 	C:\Program Files (x86)\Java\jdk1.8.0_181\jre\bin\msvcr100.dll
0x68d50000 - 0x69123000 	C:\Program Files (x86)\Java\jdk1.8.0_181\jre\bin\client\jvm.dll
0x74700000 - 0x74706000 	C:\WINDOWS\System32\PSAPI.DLL
0x6cc10000 - 0x6cc18000 	C:\WINDOWS\SYSTEM32\WSOCK32.dll
0x73c40000 - 0x73ca7000 	C:\WINDOWS\System32\WS2_32.dll
0x70cb0000 - 0x70cd4000 	C:\WINDOWS\SYSTEM32\WINMM.dll
0x73940000 - 0x73948000 	C:\WINDOWS\SYSTEM32\VERSION.dll
0x706d0000 - 0x706f3000 	C:\WINDOWS\SYSTEM32\WINMMBASE.dll
0x74a10000 - 0x74a49000 	C:\WINDOWS\System32\cfgmgr32.dll
0x6f9a0000 - 0x6f9ac000 	C:\Program Files (x86)\Java\jdk1.8.0_181\jre\bin\verify.dll
0x68d20000 - 0x68d42000 	C:\Program Files (x86)\Java\jdk1.8.0_181\jre\bin\java.dll
0x68cd0000 - 0x68cfb000 	C:\Program Files (x86)\Java\jdk1.8.0_181\jre\bin\jdwp.dll
0x6f990000 - 0x6f997000 	C:\Program Files (x86)\Java\jdk1.8.0_181\jre\bin\npt.dll
0x68980000 - 0x689a0000 	C:\Program Files (x86)\Java\jdk1.8.0_181\jre\bin\instrument.dll
0x68d00000 - 0x68d14000 	C:\Program Files (x86)\Java\jdk1.8.0_181\jre\bin\zip.dll
0x74f50000 - 0x7629a000 	C:\WINDOWS\System32\SHELL32.dll
0x76570000 - 0x765f8000 	C:\WINDOWS\System32\shcore.dll
0x73d00000 - 0x742ba000 	C:\WINDOWS\System32\windows.storage.dll
0x749c0000 - 0x74a05000 	C:\WINDOWS\System32\shlwapi.dll
0x739e0000 - 0x739ef000 	C:\WINDOWS\System32\kernel.appcore.dll
0x73bc0000 - 0x73bd8000 	C:\WINDOWS\System32\profapi.dll
0x74710000 - 0x74755000 	C:\WINDOWS\System32\powrprof.dll
0x77000000 - 0x77008000 	C:\WINDOWS\System32\FLTLIB.DLL
0x68870000 - 0x68878000 	C:\Program Files (x86)\Java\jdk1.8.0_181\jre\bin\dt_socket.dll
0x73750000 - 0x737a6000 	C:\WINDOWS\system32\mswsock.dll
0x6f6c0000 - 0x6f842000 	C:\WINDOWS\SYSTEM32\dbghelp.dll

VM Arguments:
jvm_args: -agentlib:jdwp=transport=dt_socket,address=127.0.0.1:63755,suspend=y,server=n -javaagent:C:\Users\Kossyo\.IntelliJIdea2018.2\system\captureAgent\debugger-agent.jar=file:/C:/Users/Kossyo/AppData/Local/Temp/capture.props -Dfile.encoding=UTF-8 
java_command: ExamPreparation._27aug2018._02_BombFiled
java_class_path (initial): C:\Program Files (x86)\Java\jdk1.8.0_181\jre\lib\charsets.jar;C:\Program Files (x86)\Java\jdk1.8.0_181\jre\lib\deploy.jar;C:\Program Files (x86)\Java\jdk1.8.0_181\jre\lib\ext\access-bridge-32.jar;C:\Program Files (x86)\Java\jdk1.8.0_181\jre\lib\ext\cldrdata.jar;C:\Program Files (x86)\Java\jdk1.8.0_181\jre\lib\ext\dnsns.jar;C:\Program Files (x86)\Java\jdk1.8.0_181\jre\lib\ext\jaccess.jar;C:\Program Files (x86)\Java\jdk1.8.0_181\jre\lib\ext\jfxrt.jar;C:\Program Files (x86)\Java\jdk1.8.0_181\jre\lib\ext\localedata.jar;C:\Program Files (x86)\Java\jdk1.8.0_181\jre\lib\ext\nashorn.jar;C:\Program Files (x86)\Java\jdk1.8.0_181\jre\lib\ext\sunec.jar;C:\Program Files (x86)\Java\jdk1.8.0_181\jre\lib\ext\sunjce_provider.jar;C:\Program Files (x86)\Java\jdk1.8.0_181\jre\lib\ext\sunmscapi.jar;C:\Program Files (x86)\Java\jdk1.8.0_181\jre\lib\ext\sunpkcs11.jar;C:\Program Files (x86)\Java\jdk1.8.0_181\jre\lib\ext\zipfs.jar;C:\Program Files (x86)\Java\jdk1.8.0_181\jre\lib\javaws.jar;C:\Program Files (x86)\Java\jdk1.8.0_181\jre\lib\jce.jar;C:\Program Files (x86)\Java\jdk1.8.0_181\jre\lib\jfr.jar;C:\Program Files (x86)\Java\jdk1.8.0_181\jre\lib\jfxswt.jar;C:\Program Files (x86)\Java\jdk1.8.0_181\jre\lib\jsse.jar;C:\Program Files (x86)\Java\jdk1.8.0_181\jre\lib\management-agent.jar;C:\Program Files (x86)\Java\jdk1.8.0_181\jre\lib\plugin.jar;C:\Program Files (x86)\Java\jdk1.8.0_181\jre\lib\resources.jar;C:\Program Files (x86)\Java\jdk1.8.0_181\jre\lib\rt.jar;C:\Users\Kossyo\IdeaProjects\JavaAdvanced\src\IntroToJava\Exercises\out\production\Exercises;C:\Program Files\JetBrains\IntelliJ IDEA 2018.2\lib\idea_rt.jar;C:\Users\Kossyo\.IntelliJIdea2018.2\system\captureAgent\debugger-agent.jar
Launcher Type: SUN_STANDARD

Environment Variables:
JAVA_HOME=C:\Program Files\Java\jdk1.8.0_144
PATH=C:\Program Files\Microsoft MPI\Bin\;"C:\ProgramData\Oracle\Java\javapath;C:\Program Files\Java\jdk1.8.0_144\bin;C:\Program Files\Java\jre1.8.0_144\bin";C:\WINDOWS\system32;C:\WINDOWS;C:\WINDOWS\System32\Wbem;C:\WINDOWS\System32\WindowsPowerShell\v1.0\;C:\Program Files\Java\jre1.8.0_144\bin;C:\Program Files\dotnet\;C:\Program Files\Microsoft SQL Server\130\Tools\Binn\;C:\Program Files\Git\cmd;C:\WINDOWS\System32\OpenSSH\;C:\Program Files\nodejs\;C:\Program Files (x86)\Microsoft SQL Server\Client SDK\ODBC\130\Tools\Binn\;C:\Program Files (x86)\Microsoft SQL Server\140\Tools\Binn\;C:\Program Files (x86)\Microsoft SQL Server\140\DTS\Binn\;C:\Program Files (x86)\Microsoft SQL Server\140\Tools\Binn\ManagementStudio\;C:\Users\Kossyo\AppData\Local\Microsoft\WindowsApps;C:\Users\Kossyo\AppData\Roaming\npm
USERNAME=Kossyo
OS=Windows_NT
PROCESSOR_IDENTIFIER=Intel64 Family 6 Model 142 Stepping 9, GenuineIntel



---------------  S Y S T E M  ---------------

OS: Windows 10.0 , 64 bit Build 17134 (10.0.17134.1)

CPU:total 4 (initial active 4) (2 cores per cpu, 2 threads per core) family 6 model 142 stepping 9, cmov, cx8, fxsr, mmx, sse, sse2, sse3, ssse3, sse4.1, sse4.2, popcnt, avx, avx2, aes, clmul, erms, 3dnowpref, lzcnt, ht, tsc, tscinvbit, bmi1, bmi2, adx

Memory: 4k page, physical 8266228k(3617212k free), swap 9588492k(2310556k free)

vm_info: Java HotSpot(TM) Client VM (25.181-b13) for windows-x86 JRE (1.8.0_181-b13), built on Jul  7 2018 03:18:20 by "java_re" with MS VC++ 10.0 (VS2010)

time: Wed Oct 10 14:44:40 2018
elapsed time: 594 seconds (0d 0h 9m 54s)

