#
# A fatal error has been detected by the Java Runtime Environment:
#
#  Internal Error (javaCalls.cpp:51), pid=11360, tid=0x00000d58
#  guarantee(thread->is_Java_thread()) failed: crucial check - the VM thread cannot and must not escape to Java code
#
# JRE version: Java(TM) SE Runtime Environment (8.0_181-b13) (build 1.8.0_181-b13)
# Java VM: Java HotSpot(TM) Client VM (25.181-b13 mixed mode windows-x86 )
# Failed to write core dump. Minidumps are not enabled by default on client versions of Windows
#
# If you would like to submit a bug report, please visit:
#   http://bugreport.java.com/bugreport/crash.jsp
#

---------------  T H R E A D  ---------------

Current thread (0x156c0c00):  VMThread [stack: 0x15900000,0x15950000] [id=3416]

Stack: [0x15900000,0x15950000],  sp=0x1594ed34,  free space=315k
Native frames: (J=compiled Java code, j=interpreted, Vv=VM code, C=native code)
V  [jvm.dll+0x1accfb]
V  [jvm.dll+0x1a5345]
V  [jvm.dll+0x15baee]
V  [jvm.dll+0x15c02f]
V  [jvm.dll+0x223ade]
V  [jvm.dll+0x15c0fe]
V  [jvm.dll+0x15c486]
V  [jvm.dll+0x1a600a]
V  [jvm.dll+0x1a6074]
V  [jvm.dll+0x1a622a]
V  [jvm.dll+0x1a6276]
V  [jvm.dll+0xb2cfb]
V  [jvm.dll+0xb2f88]
V  [jvm.dll+0xb2fba]
V  [jvm.dll+0xb43d3]
V  [jvm.dll+0xb6437]
V  [jvm.dll+0xb6762]
V  [jvm.dll+0x87af1]
V  [jvm.dll+0x8817d]
V  [jvm.dll+0x882c8]
V  [jvm.dll+0x88518]
V  [jvm.dll+0xbeb6f]
V  [jvm.dll+0xce94b]
V  [jvm.dll+0x12389d]
V  [jvm.dll+0x184b5b]
V  [jvm.dll+0x183f71]
V  [jvm.dll+0x184387]
V  [jvm.dll+0x184582]
V  [jvm.dll+0x1c5416]
C  [msvcr100.dll+0x5c556]
C  [msvcr100.dll+0x5c600]
C  [KERNEL32.DLL+0x18484]
C  [ntdll.dll+0x62fea]
C  [ntdll.dll+0x62fba]

VM_Operation (0x15d0f338): GetOrSetLocal, mode: safepoint, requested by thread 0x156f6000


---------------  P R O C E S S  ---------------

Java Threads: ( => current thread )
  0x157b2c00 JavaThread "Service Thread" daemon [_thread_blocked, id=6436, stack(0x15f00000,0x15f50000)]
  0x1574a800 JavaThread "C1 CompilerThread0" daemon [_thread_blocked, id=9376, stack(0x15e70000,0x15ec0000)]
  0x15704800 JavaThread "JDWP Command Reader" daemon [_thread_in_native, id=3500, stack(0x15de0000,0x15e30000)]
  0x156fe000 JavaThread "JDWP Event Helper Thread" daemon [_thread_blocked, id=8132, stack(0x15d50000,0x15da0000)]
  0x156f6000 JavaThread "JDWP Transport Listener: dt_socket" daemon [_thread_blocked, id=10404, stack(0x15cc0000,0x15d10000)]
  0x156fa800 JavaThread "Attach Listener" daemon [_thread_blocked, id=11564, stack(0x15c30000,0x15c80000)]
  0x156f8800 JavaThread "Signal Dispatcher" daemon [_thread_blocked, id=5932, stack(0x15ba0000,0x15bf0000)]
  0x156dd800 JavaThread "Finalizer" daemon [_thread_blocked, id=7360, stack(0x15a20000,0x15a70000)]
  0x156c7800 JavaThread "Reference Handler" daemon [_thread_blocked, id=4092, stack(0x15990000,0x159e0000)]
  0x02fce000 JavaThread "main" [_thread_blocked, id=6292, stack(0x01600000,0x01650000)]

Other Threads:
=>0x156c0c00 VMThread [stack: 0x15900000,0x15950000] [id=3416]
  0x1578a800 WatcherThread [stack: 0x15f90000,0x15fe0000] [id=10532]

VM state:at safepoint (normal execution)

VM Mutex/Monitor currently owned by a thread:  ([mutex/lock_event])
[0x02fcc610] Threads_lock - owner thread: 0x156c0c00

Heap:
 def new generation   total 4928K, used 2661K [0x05200000, 0x05750000, 0x0a750000)
  eden space 4416K,  60% used [0x05200000, 0x054994f0, 0x05650000)
  from space 512K,   0% used [0x05650000, 0x05650000, 0x056d0000)
  to   space 512K,   0% used [0x056d0000, 0x056d0000, 0x05750000)
 tenured generation   total 10944K, used 0K [0x0a750000, 0x0b200000, 0x15200000)
   the space 10944K,   0% used [0x0a750000, 0x0a750000, 0x0a750200, 0x0b200000)
 Metaspace       used 2503K, capacity 2518K, committed 2624K, reserved 4480K

Card table byte_map: [0x05150000,0x051e0000] byte_map_base: 0x05127000

Polling page: 0x011e0000

CodeCache: size=32768Kb used=754Kb max_used=754Kb free=32013Kb
 bounds [0x030d0000, 0x03190000, 0x050d0000]
 total_blobs=173 nmethods=37 adapters=76
 compilation: enabled

Compilation events (10 events):
Event: 0.259 Thread 0x1574a800   33             java.io.BufferedInputStream::getBufIfOpen (21 bytes)
Event: 0.259 Thread 0x1574a800 nmethod 33 0x0318a748 code [0x0318a850, 0x0318a94c]
Event: 0.259 Thread 0x1574a800   34  s          java.io.BufferedInputStream::read (49 bytes)
Event: 0.259 Thread 0x1574a800 nmethod 34 0x0318aa08 code [0x0318ab30, 0x0318ae28]
Event: 0.261 Thread 0x1574a800   35             java.util.StringTokenizer::scanToken (179 bytes)
Event: 0.262 Thread 0x1574a800 nmethod 35 0x0318afc8 code [0x0318b150, 0x0318b578]
Event: 47.235 Thread 0x1574a800   36             java.lang.String::getChars (62 bytes)
Event: 47.235 Thread 0x1574a800 nmethod 36 0x0318be48 code [0x0318bfa0, 0x0318c1f0]
Event: 80.536 Thread 0x1574a800   37             java.lang.AbstractStringBuilder::append (50 bytes)
Event: 80.537 Thread 0x1574a800 nmethod 37 0x0318c488 code [0x0318c5c0, 0x0318c830]

GC Heap History (0 events):
No events

Deoptimization events (0 events):
No events

Classes redefined (3 events):
Event: 756.117 Thread 0x156c0c00 redefined class name=SetsAndMaps.InputOutputFilesDirectories.StringProcessing.FunctionalProgramming.Exercises._08_HandsOfCards, count=1
Event: 1474.309 Thread 0x156c0c00 redefined class name=SetsAndMaps.InputOutputFilesDirectories.StringProcessing.FunctionalProgramming.Exercises._08_HandsOfCards, count=2
Event: 1488.080 Thread 0x156c0c00 redefined class name=SetsAndMaps.InputOutputFilesDirectories.StringProcessing.FunctionalProgramming.Exercises._08_HandsOfCards, count=3

Internal exceptions (6 events):
Event: 0.039 Thread 0x02fce000 Exception <a 'java/lang/NoSuchMethodError': Method sun.misc.Unsafe.defineClass(Ljava/lang/String;[BII)Ljava/lang/Class; name or signature does not match> (0x05206ea8) thrown at [C:\workspace\8-2-build-windows-i586-cygwin\jdk8u181\11358\hotspot\src\share\v
Event: 0.039 Thread 0x02fce000 Exception <a 'java/lang/NoSuchMethodError': Method sun.misc.Unsafe.prefetchRead(Ljava/lang/Object;J)V name or signature does not match> (0x05207178) thrown at [C:\workspace\8-2-build-windows-i586-cygwin\jdk8u181\11358\hotspot\src\share\vm\prims\jni.cpp, l
Event: 0.247 Thread 0x02fce000 Exception <a 'java/security/PrivilegedActionException'> (0x05430ea0) thrown at [C:\workspace\8-2-build-windows-i586-cygwin\jdk8u181\11358\hotspot\src\share\vm\prims\jvm.cpp, line 1435]
Event: 0.247 Thread 0x02fce000 Exception <a 'java/security/PrivilegedActionException'> (0x05431280) thrown at [C:\workspace\8-2-build-windows-i586-cygwin\jdk8u181\11358\hotspot\src\share\vm\prims\jvm.cpp, line 1435]
Event: 0.248 Thread 0x02fce000 Exception <a 'java/security/PrivilegedActionException'> (0x05435538) thrown at [C:\workspace\8-2-build-windows-i586-cygwin\jdk8u181\11358\hotspot\src\share\vm\prims\jvm.cpp, line 1435]
Event: 0.248 Thread 0x02fce000 Exception <a 'java/security/PrivilegedActionException'> (0x05435918) thrown at [C:\workspace\8-2-build-windows-i586-cygwin\jdk8u181\11358\hotspot\src\share\vm\prims\jvm.cpp, line 1435]

Events (10 events):
Event: 1488.074 Executing VM operation: ChangeBreakpoints done
Event: 1488.074 Executing VM operation: ChangeBreakpoints
Event: 1488.074 Executing VM operation: ChangeBreakpoints done
Event: 1488.079 Executing VM operation: RedefineClasses
Event: 1488.080 Executing VM operation: RedefineClasses done
Event: 1488.088 Executing VM operation: ChangeBreakpoints
Event: 1488.088 Executing VM operation: ChangeBreakpoints done
Event: 1488.089 Executing VM operation: ChangeBreakpoints
Event: 1488.089 Executing VM operation: ChangeBreakpoints done
Event: 1488.108 Executing VM operation: GetOrSetLocal


Dynamic libraries:
0x01120000 - 0x01153000 	C:\Program Files (x86)\Java\jdk1.8.0_181\bin\java.exe
0x77df0000 - 0x77f80000 	C:\WINDOWS\SYSTEM32\ntdll.dll
0x77960000 - 0x77a40000 	C:\WINDOWS\System32\KERNEL32.DLL
0x772f0000 - 0x774d4000 	C:\WINDOWS\System32\KERNELBASE.dll
0x73b40000 - 0x73bdd000 	C:\WINDOWS\SYSTEM32\apphelp.dll
0x774e0000 - 0x77558000 	C:\WINDOWS\System32\ADVAPI32.dll
0x753c0000 - 0x7547f000 	C:\WINDOWS\System32\msvcrt.dll
0x77570000 - 0x775b4000 	C:\WINDOWS\System32\sechost.dll
0x77850000 - 0x77910000 	C:\WINDOWS\System32\RPCRT4.dll
0x746b0000 - 0x746d0000 	C:\WINDOWS\System32\SspiCli.dll
0x746a0000 - 0x746aa000 	C:\WINDOWS\System32\CRYPTBASE.dll
0x76ec0000 - 0x76f18000 	C:\WINDOWS\System32\bcryptPrimitives.dll
0x76ff0000 - 0x7717d000 	C:\WINDOWS\System32\USER32.dll
0x77830000 - 0x77847000 	C:\WINDOWS\System32\win32u.dll
0x74f90000 - 0x74fb2000 	C:\WINDOWS\System32\GDI32.dll
0x751c0000 - 0x75324000 	C:\WINDOWS\System32\gdi32full.dll
0x767d0000 - 0x7684d000 	C:\WINDOWS\System32\msvcp_win.dll
0x746d0000 - 0x747ee000 	C:\WINDOWS\System32\ucrtbase.dll
0x709a0000 - 0x70ba4000 	C:\WINDOWS\WinSxS\x86_microsoft.windows.common-controls_6595b64144ccf1df_6.0.17134.228_none_42f2d07044deda9a\COMCTL32.dll
0x77a40000 - 0x77c9c000 	C:\WINDOWS\System32\combase.dll
0x75330000 - 0x75356000 	C:\WINDOWS\System32\IMM32.DLL
0x016b0000 - 0x0176f000 	C:\Program Files (x86)\Java\jdk1.8.0_181\jre\bin\msvcr100.dll
0x6cfc0000 - 0x6d393000 	C:\Program Files (x86)\Java\jdk1.8.0_181\jre\bin\client\jvm.dll
0x76eb0000 - 0x76eb6000 	C:\WINDOWS\System32\PSAPI.DLL
0x6ec70000 - 0x6ec78000 	C:\WINDOWS\SYSTEM32\WSOCK32.dll
0x72460000 - 0x72484000 	C:\WINDOWS\SYSTEM32\WINMM.dll
0x76850000 - 0x768b7000 	C:\WINDOWS\System32\WS2_32.dll
0x74630000 - 0x74638000 	C:\WINDOWS\SYSTEM32\VERSION.dll
0x71e80000 - 0x71ea3000 	C:\WINDOWS\SYSTEM32\winmmbase.dll
0x76dd0000 - 0x76e09000 	C:\WINDOWS\System32\cfgmgr32.dll
0x70bc0000 - 0x70bcc000 	C:\Program Files (x86)\Java\jdk1.8.0_181\jre\bin\verify.dll
0x6da90000 - 0x6dab2000 	C:\Program Files (x86)\Java\jdk1.8.0_181\jre\bin\java.dll
0x6dc10000 - 0x6dc3b000 	C:\Program Files (x86)\Java\jdk1.8.0_181\jre\bin\jdwp.dll
0x70500000 - 0x70507000 	C:\Program Files (x86)\Java\jdk1.8.0_181\jre\bin\npt.dll
0x6d810000 - 0x6d830000 	C:\Program Files (x86)\Java\jdk1.8.0_181\jre\bin\instrument.dll
0x70c40000 - 0x70c54000 	C:\Program Files (x86)\Java\jdk1.8.0_181\jre\bin\zip.dll
0x75480000 - 0x767ca000 	C:\WINDOWS\System32\SHELL32.dll
0x76e20000 - 0x76ea8000 	C:\WINDOWS\System32\shcore.dll
0x748a0000 - 0x74e5a000 	C:\WINDOWS\System32\windows.storage.dll
0x74850000 - 0x74895000 	C:\WINDOWS\System32\shlwapi.dll
0x76e10000 - 0x76e1f000 	C:\WINDOWS\System32\kernel.appcore.dll
0x77180000 - 0x77198000 	C:\WINDOWS\System32\profapi.dll
0x77cb0000 - 0x77cf5000 	C:\WINDOWS\System32\powrprof.dll
0x77560000 - 0x77568000 	C:\WINDOWS\System32\FLTLIB.DLL
0x6cf70000 - 0x6cf78000 	C:\Program Files (x86)\Java\jdk1.8.0_181\jre\bin\dt_socket.dll
0x74440000 - 0x74496000 	C:\WINDOWS\system32\mswsock.dll
0x70370000 - 0x704f2000 	C:\WINDOWS\SYSTEM32\dbghelp.dll

VM Arguments:
jvm_args: -agentlib:jdwp=transport=dt_socket,address=127.0.0.1:50342,suspend=y,server=n -javaagent:C:\Users\Kossyo\.IntelliJIdea2018.2\system\captureAgent\debugger-agent.jar=file:/C:/Users/Kossyo/AppData/Local/Temp/capture.props -Dfile.encoding=UTF-8 
java_command: SetsAndMaps.InputOutputFilesDirectories.StringProcessing.FunctionalProgramming.Exercises._08_HandsOfCards
java_class_path (initial): C:\Program Files (x86)\Java\jdk1.8.0_181\jre\lib\charsets.jar;C:\Program Files (x86)\Java\jdk1.8.0_181\jre\lib\deploy.jar;C:\Program Files (x86)\Java\jdk1.8.0_181\jre\lib\ext\access-bridge-32.jar;C:\Program Files (x86)\Java\jdk1.8.0_181\jre\lib\ext\cldrdata.jar;C:\Program Files (x86)\Java\jdk1.8.0_181\jre\lib\ext\dnsns.jar;C:\Program Files (x86)\Java\jdk1.8.0_181\jre\lib\ext\jaccess.jar;C:\Program Files (x86)\Java\jdk1.8.0_181\jre\lib\ext\jfxrt.jar;C:\Program Files (x86)\Java\jdk1.8.0_181\jre\lib\ext\localedata.jar;C:\Program Files (x86)\Java\jdk1.8.0_181\jre\lib\ext\nashorn.jar;C:\Program Files (x86)\Java\jdk1.8.0_181\jre\lib\ext\sunec.jar;C:\Program Files (x86)\Java\jdk1.8.0_181\jre\lib\ext\sunjce_provider.jar;C:\Program Files (x86)\Java\jdk1.8.0_181\jre\lib\ext\sunmscapi.jar;C:\Program Files (x86)\Java\jdk1.8.0_181\jre\lib\ext\sunpkcs11.jar;C:\Program Files (x86)\Java\jdk1.8.0_181\jre\lib\ext\zipfs.jar;C:\Program Files (x86)\Java\jdk1.8.0_181\jre\lib\javaws.jar;C:\Program Files (x86)\Java\jdk1.8.0_181\jre\lib\jce.jar;C:\Program Files (x86)\Java\jdk1.8.0_181\jre\lib\jfr.jar;C:\Program Files (x86)\Java\jdk1.8.0_181\jre\lib\jfxswt.jar;C:\Program Files (x86)\Java\jdk1.8.0_181\jre\lib\jsse.jar;C:\Program Files (x86)\Java\jdk1.8.0_181\jre\lib\management-agent.jar;C:\Program Files (x86)\Java\jdk1.8.0_181\jre\lib\plugin.jar;C:\Program Files (x86)\Java\jdk1.8.0_181\jre\lib\resources.jar;C:\Program Files (x86)\Java\jdk1.8.0_181\jre\lib\rt.jar;C:\Users\Kossyo\IdeaProjects\JavaAdvanced\src\IntroToJava\InputOutputFilesDirectories.StringProcessing.FunctionalProgramming.Exercises\out\production\InputOutputFilesDirectories.StringProcessing.FunctionalProgramming.Exercises;C:\Program Files\JetBrains\IntelliJ IDEA 2018.2\lib\idea_rt.jar;C:\Users\Kossyo\.IntelliJIdea2018.2\system\captureAgent\debugger-agent.jar
Launcher Type: SUN_STANDARD

Environment Variables:
JAVA_HOME=C:\Program Files\Java\jdk1.8.0_144
PATH=C:\Program Files\Microsoft MPI\Bin\;"C:\ProgramData\Oracle\Java\javapath;C:\Program Files\Java\jdk1.8.0_144\bin;C:\Program Files\Java\jre1.8.0_144\bin";C:\WINDOWS\system32;C:\WINDOWS;C:\WINDOWS\System32\Wbem;C:\WINDOWS\System32\WindowsPowerShell\v1.0\;C:\Program Files\Java\jre1.8.0_144\bin;C:\Program Files\dotnet\;C:\Program Files\Microsoft SQL Server\130\Tools\Binn\;C:\Program Files\Git\cmd;C:\WINDOWS\System32\OpenSSH\;C:\Program Files\nodejs\;C:\Program Files (x86)\Microsoft SQL Server\Client SDK\ODBC\130\Tools\Binn\;C:\Program Files (x86)\Microsoft SQL Server\140\Tools\Binn\;C:\Program Files (x86)\Microsoft SQL Server\140\DTS\Binn\;C:\Program Files (x86)\Microsoft SQL Server\140\Tools\Binn\ManagementStudio\;C:\Users\Kossyo\AppData\Local\Microsoft\WindowsApps;C:\Users\Kossyo\AppData\Roaming\npm
USERNAME=Kossyo
OS=Windows_NT
PROCESSOR_IDENTIFIER=Intel64 Family 6 Model 142 Stepping 9, GenuineIntel



---------------  S Y S T E M  ---------------

OS: Windows 10.0 , 64 bit Build 17134 (10.0.17134.1)

CPU:total 4 (initial active 4) (2 cores per cpu, 2 threads per core) family 6 model 142 stepping 9, cmov, cx8, fxsr, mmx, sse, sse2, sse3, ssse3, sse4.1, sse4.2, popcnt, avx, avx2, aes, clmul, erms, 3dnowpref, lzcnt, ht, tsc, tscinvbit, bmi1, bmi2, adx

Memory: 4k page, physical 8266228k(3725468k free), swap 9576948k(3152824k free)

vm_info: Java HotSpot(TM) Client VM (25.181-b13) for windows-x86 JRE (1.8.0_181-b13), built on Jul  7 2018 03:18:20 by "java_re" with MS VC++ 10.0 (VS2010)

time: Tue Aug 28 13:28:01 2018
elapsed time: 1488 seconds (0d 0h 24m 48s)

