#
# A fatal error has been detected by the Java Runtime Environment:
#
#  EXCEPTION_ACCESS_VIOLATION (0xc0000005) at pc=0x68ec492f, pid=9020, tid=0x0000082c
#
# JRE version: Java(TM) SE Runtime Environment (8.0_181-b13) (build 1.8.0_181-b13)
# Java VM: Java HotSpot(TM) Client VM (25.181-b13 mixed mode windows-x86 )
# Problematic frame:
# V  [jvm.dll+0x17492f]
#
# Failed to write core dump. Minidumps are not enabled by default on client versions of Windows
#
# If you would like to submit a bug report, please visit:
#   http://bugreport.java.com/bugreport/crash.jsp
#

---------------  T H R E A D  ---------------

Current thread (0x15150c00):  VMThread [stack: 0x15350000,0x153a0000] [id=2092]

siginfo: ExceptionCode=0xc0000005, reading address 0x00000008

Registers:
EAX=0x00000000, EBX=0x00000000, ECX=0x1539f05c, EDX=0x00000000
ESP=0x1539ef38, EBP=0x1539f048, ESI=0x1539f05c, EDI=0x1539f4c8
EIP=0x68ec492f, EFLAGS=0x00010246

Top of Stack: (sp=0x1539ef38)
0x1539ef38:   1539f5a8 00000000 00000000 00000000
0x1539ef48:   1539f090 1539f090 1539f090 68ec4476
0x1539ef58:   00000000 1539f090 00000029 68ec46aa
0x1539ef68:   1539f4fc 1539f5dc 68ec46fd 00000000
0x1539ef78:   00000000 00000000 00000000 00000000
0x1539ef88:   00000000 00000000 00000000 00000000
0x1539ef98:   00000000 00000000 00000000 00000000
0x1539efa8:   00000000 00000000 1539f0f8 1539f0f8 

Instructions: (pc=0x68ec492f)
0x68ec490f:   cc 55 8b ec 81 ec 08 01 00 00 a1 40 9b 0c 69 33
0x68ec491f:   c5 89 45 fc 53 56 8b f1 8b 46 04 33 db 89 5e 08
0x68ec492f:   80 78 08 28 74 26 6a 28 8d 8d f8 fe ff ff 68 98
0x68ec493f:   d6 04 69 51 e8 c8 80 ea ff 8b 10 52 6a 36 68 30 


Register to memory mapping:

EAX=0x00000000 is an unknown value
EBX=0x00000000 is an unknown value
ECX=0x1539f05c is an unknown value
EDX=0x00000000 is an unknown value
ESP=0x1539ef38 is an unknown value
EBP=0x1539f048 is an unknown value
ESI=0x1539f05c is an unknown value
EDI=0x1539f4c8 is an unknown value


Stack: [0x15350000,0x153a0000],  sp=0x1539ef38,  free space=315k
Native frames: (J=compiled Java code, j=interpreted, Vv=VM code, C=native code)
V  [jvm.dll+0x17492f]
V  [jvm.dll+0xb3c8d]
V  [jvm.dll+0xb565d]
V  [jvm.dll+0xb63ec]
V  [jvm.dll+0xb6762]
V  [jvm.dll+0x87af1]
V  [jvm.dll+0x8817d]
V  [jvm.dll+0x882c8]
V  [jvm.dll+0x88518]
V  [jvm.dll+0xbeb6f]
V  [jvm.dll+0xce94b]
V  [jvm.dll+0x12389d]
V  [jvm.dll+0x184b5b]
V  [jvm.dll+0x183f71]
V  [jvm.dll+0x184387]
V  [jvm.dll+0x184582]
V  [jvm.dll+0x1c5416]
C  [msvcr100.dll+0x5c556]
C  [msvcr100.dll+0x5c600]
C  [KERNEL32.DLL+0x18484]
C  [ntdll.dll+0x6305a]
C  [ntdll.dll+0x6302a]

VM_Operation (0x1575fa08): GetOrSetLocal, mode: safepoint, requested by thread 0x15185c00


---------------  P R O C E S S  ---------------

Java Threads: ( => current thread )
  0x1523e800 JavaThread "Service Thread" daemon [_thread_blocked, id=5076, stack(0x15950000,0x159a0000)]
  0x151dd400 JavaThread "C1 CompilerThread0" daemon [_thread_blocked, id=2680, stack(0x158c0000,0x15910000)]
  0x15195000 JavaThread "JDWP Command Reader" daemon [_thread_in_native, id=11708, stack(0x15830000,0x15880000)]
  0x15188400 JavaThread "JDWP Event Helper Thread" daemon [_thread_blocked, id=4064, stack(0x157a0000,0x157f0000)]
  0x15185c00 JavaThread "JDWP Transport Listener: dt_socket" daemon [_thread_blocked, id=2332, stack(0x15710000,0x15760000)]
  0x1518b000 JavaThread "Attach Listener" daemon [_thread_blocked, id=7584, stack(0x15680000,0x156d0000)]
  0x15189000 JavaThread "Signal Dispatcher" daemon [_thread_blocked, id=11176, stack(0x155f0000,0x15640000)]
  0x1516d800 JavaThread "Finalizer" daemon [_thread_blocked, id=10372, stack(0x15470000,0x154c0000)]
  0x15157800 JavaThread "Reference Handler" daemon [_thread_blocked, id=6280, stack(0x153e0000,0x15430000)]
  0x00ebe000 JavaThread "main" [_thread_blocked, id=1424, stack(0x01260000,0x012b0000)]

Other Threads:
=>0x15150c00 VMThread [stack: 0x15350000,0x153a0000] [id=2092]
  0x15247c00 WatcherThread [stack: 0x159e0000,0x15a30000] [id=9476]

VM state:at safepoint (normal execution)

VM Mutex/Monitor currently owned by a thread:  ([mutex/lock_event])
[0x00ebc778] Threads_lock - owner thread: 0x15150c00

Heap:
 def new generation   total 4928K, used 848K [0x04c00000, 0x05150000, 0x0a150000)
  eden space 4416K,   7% used [0x04c00000, 0x04c54150, 0x05050000)
  from space 512K, 100% used [0x050d0000, 0x05150000, 0x05150000)
  to   space 512K,   0% used [0x05050000, 0x05050000, 0x050d0000)
 tenured generation   total 10944K, used 215K [0x0a150000, 0x0ac00000, 0x14c00000)
   the space 10944K,   1% used [0x0a150000, 0x0a185c80, 0x0a185e00, 0x0ac00000)
 Metaspace       used 3246K, capacity 3422K, committed 3520K, reserved 4480K

Card table byte_map: [0x14c00000,0x14c90000] byte_map_base: 0x14bda000

Polling page: 0x00e90000

CodeCache: size=32768Kb used=813Kb max_used=813Kb free=31954Kb
 bounds [0x02b50000, 0x02c20000, 0x04b50000]
 total_blobs=257 nmethods=116 adapters=80
 compilation: enabled

Compilation events (10 events):
Event: 2.212 Thread 0x151dd400  110             jdk.internal.org.objectweb.asm.ByteVector::putByte (39 bytes)
Event: 2.212 Thread 0x151dd400 nmethod 110 0x02c19c88 code [0x02c19d90, 0x02c19e8c]
Event: 2.212 Thread 0x151dd400  111             java.lang.ref.Reference::get (5 bytes)
Event: 2.212 Thread 0x151dd400 nmethod 111 0x02c19f88 code [0x02c1a080, 0x02c1a100]
Event: 2.214 Thread 0x151dd400  112             jdk.internal.org.objectweb.asm.ClassWriter::newUTF8 (70 bytes)
Event: 2.215 Thread 0x151dd400 nmethod 112 0x02c1a148 code [0x02c1a290, 0x02c1a468]
Event: 2.216 Thread 0x151dd400  113             java.lang.String::substring (79 bytes)
Event: 2.216 Thread 0x151dd400 nmethod 113 0x02c1a648 code [0x02c1a7a0, 0x02c1a9f0]
Event: 2.216 Thread 0x151dd400  114             java.lang.AbstractStringBuilder::<init> (12 bytes)
Event: 2.216 Thread 0x151dd400 nmethod 114 0x02c1ac48 code [0x02c1ad40, 0x02c1ae50]

GC Heap History (2 events):
Event: 2.220 GC heap before
{Heap before GC invocations=0 (full 0):
 def new generation   total 4928K, used 4416K [0x04c00000, 0x05150000, 0x0a150000)
  eden space 4416K, 100% used [0x04c00000, 0x05050000, 0x05050000)
  from space 512K,   0% used [0x05050000, 0x05050000, 0x050d0000)
  to   space 512K,   0% used [0x050d0000, 0x050d0000, 0x05150000)
 tenured generation   total 10944K, used 0K [0x0a150000, 0x0ac00000, 0x14c00000)
   the space 10944K,   0% used [0x0a150000, 0x0a150000, 0x0a150200, 0x0ac00000)
 Metaspace       used 3114K, capacity 3269K, committed 3392K, reserved 4480K
Event: 2.222 GC heap after
Heap after GC invocations=1 (full 0):
 def new generation   total 4928K, used 512K [0x04c00000, 0x05150000, 0x0a150000)
  eden space 4416K,   0% used [0x04c00000, 0x04c00000, 0x05050000)
  from space 512K, 100% used [0x050d0000, 0x05150000, 0x05150000)
  to   space 512K,   0% used [0x05050000, 0x05050000, 0x050d0000)
 tenured generation   total 10944K, used 215K [0x0a150000, 0x0ac00000, 0x14c00000)
   the space 10944K,   1% used [0x0a150000, 0x0a185c80, 0x0a185e00, 0x0ac00000)
 Metaspace       used 3114K, capacity 3269K, committed 3392K, reserved 4480K
}

Deoptimization events (0 events):
No events

Classes redefined (2 events):
Event: 36.759 Thread 0x15150c00 redefined class name=FunctionalProgramming.Exercises._08_FindTheSmallestElement, count=1
Event: 454.239 Thread 0x15150c00 redefined class name=FunctionalProgramming.Exercises._08_FindTheSmallestElement, count=2

Internal exceptions (8 events):
Event: 0.043 Thread 0x00ebe000 Exception <a 'java/lang/NoSuchMethodError': Method sun.misc.Unsafe.defineClass(Ljava/lang/String;[BII)Ljava/lang/Class; name or signature does not match> (0x04c06ea8) thrown at [C:\workspace\8-2-build-windows-i586-cygwin\jdk8u181\11358\hotspot\src\share\v
Event: 0.043 Thread 0x00ebe000 Exception <a 'java/lang/NoSuchMethodError': Method sun.misc.Unsafe.prefetchRead(Ljava/lang/Object;J)V name or signature does not match> (0x04c07178) thrown at [C:\workspace\8-2-build-windows-i586-cygwin\jdk8u181\11358\hotspot\src\share\vm\prims\jni.cpp, l
Event: 0.273 Thread 0x00ebe000 Exception <a 'java/security/PrivilegedActionException'> (0x04e2fcf8) thrown at [C:\workspace\8-2-build-windows-i586-cygwin\jdk8u181\11358\hotspot\src\share\vm\prims\jvm.cpp, line 1435]
Event: 0.273 Thread 0x00ebe000 Exception <a 'java/security/PrivilegedActionException'> (0x04e300d8) thrown at [C:\workspace\8-2-build-windows-i586-cygwin\jdk8u181\11358\hotspot\src\share\vm\prims\jvm.cpp, line 1435]
Event: 0.274 Thread 0x00ebe000 Exception <a 'java/security/PrivilegedActionException'> (0x04e34390) thrown at [C:\workspace\8-2-build-windows-i586-cygwin\jdk8u181\11358\hotspot\src\share\vm\prims\jvm.cpp, line 1435]
Event: 0.274 Thread 0x00ebe000 Exception <a 'java/security/PrivilegedActionException'> (0x04e34770) thrown at [C:\workspace\8-2-build-windows-i586-cygwin\jdk8u181\11358\hotspot\src\share\vm\prims\jvm.cpp, line 1435]
Event: 2.204 Thread 0x00ebe000 Exception <a 'java/lang/NoSuchFieldError': method resolution failed> (0x04fad9b0) thrown at [C:\workspace\8-2-build-windows-i586-cygwin\jdk8u181\11358\hotspot\src\share\vm\prims\methodHandles.cpp, line 1167]
Event: 2.206 Thread 0x00ebe000 Exception <a 'java/lang/NoSuchFieldError': method resolution failed> (0x04fba690) thrown at [C:\workspace\8-2-build-windows-i586-cygwin\jdk8u181\11358\hotspot\src\share\vm\prims\methodHandles.cpp, line 1167]

Events (10 events):
Event: 331.001 Executing VM operation: GetOrSetLocal done
Event: 411.780 Executing VM operation: ChangeBreakpoints
Event: 411.780 Executing VM operation: ChangeBreakpoints done
Event: 454.239 Executing VM operation: RedefineClasses
Event: 454.239 Executing VM operation: RedefineClasses done
Event: 454.257 Executing VM operation: ChangeBreakpoints
Event: 454.257 Executing VM operation: ChangeBreakpoints done
Event: 454.267 Executing VM operation: GetOrSetLocal
Event: 454.267 Executing VM operation: GetOrSetLocal done
Event: 454.269 Executing VM operation: GetOrSetLocal


Dynamic libraries:
0x00c90000 - 0x00cc3000 	C:\Program Files (x86)\Java\jdk1.8.0_181\bin\java.exe
0x77100000 - 0x77290000 	C:\WINDOWS\SYSTEM32\ntdll.dll
0x76f20000 - 0x77000000 	C:\WINDOWS\System32\KERNEL32.DLL
0x768b0000 - 0x76a94000 	C:\WINDOWS\System32\KERNELBASE.dll
0x70e80000 - 0x70f1d000 	C:\WINDOWS\SYSTEM32\apphelp.dll
0x742c0000 - 0x74338000 	C:\WINDOWS\System32\ADVAPI32.dll
0x76e60000 - 0x76f1f000 	C:\WINDOWS\System32\msvcrt.dll
0x73cb0000 - 0x73cf4000 	C:\WINDOWS\System32\sechost.dll
0x74a50000 - 0x74b10000 	C:\WINDOWS\System32\RPCRT4.dll
0x739c0000 - 0x739e0000 	C:\WINDOWS\System32\SspiCli.dll
0x739b0000 - 0x739ba000 	C:\WINDOWS\System32\CRYPTBASE.dll
0x73be0000 - 0x73c38000 	C:\WINDOWS\System32\bcryptPrimitives.dll
0x762a0000 - 0x7642d000 	C:\WINDOWS\System32\USER32.dll
0x76780000 - 0x76797000 	C:\WINDOWS\System32\win32u.dll
0x76750000 - 0x76772000 	C:\WINDOWS\System32\GDI32.dll
0x74590000 - 0x746f4000 	C:\WINDOWS\System32\gdi32full.dll
0x76830000 - 0x768ad000 	C:\WINDOWS\System32\msvcp_win.dll
0x748a0000 - 0x749be000 	C:\WINDOWS\System32\ucrtbase.dll
0x6e550000 - 0x6e754000 	C:\WINDOWS\WinSxS\x86_microsoft.windows.common-controls_6595b64144ccf1df_6.0.17134.285_none_42efceba44e1907b\COMCTL32.dll
0x76aa0000 - 0x76cfc000 	C:\WINDOWS\System32\combase.dll
0x74780000 - 0x747a6000 	C:\WINDOWS\System32\IMM32.DLL
0x69130000 - 0x691ef000 	C:\Program Files (x86)\Java\jdk1.8.0_181\jre\bin\msvcr100.dll
0x68d50000 - 0x69123000 	C:\Program Files (x86)\Java\jdk1.8.0_181\jre\bin\client\jvm.dll
0x74700000 - 0x74706000 	C:\WINDOWS\System32\PSAPI.DLL
0x6cc10000 - 0x6cc18000 	C:\WINDOWS\SYSTEM32\WSOCK32.dll
0x70cb0000 - 0x70cd4000 	C:\WINDOWS\SYSTEM32\WINMM.dll
0x73940000 - 0x73948000 	C:\WINDOWS\SYSTEM32\VERSION.dll
0x706d0000 - 0x706f3000 	C:\WINDOWS\SYSTEM32\WINMMBASE.dll
0x74a10000 - 0x74a49000 	C:\WINDOWS\System32\cfgmgr32.dll
0x73c40000 - 0x73ca7000 	C:\WINDOWS\System32\WS2_32.dll
0x6f9a0000 - 0x6f9ac000 	C:\Program Files (x86)\Java\jdk1.8.0_181\jre\bin\verify.dll
0x68d20000 - 0x68d42000 	C:\Program Files (x86)\Java\jdk1.8.0_181\jre\bin\java.dll
0x68cd0000 - 0x68cfb000 	C:\Program Files (x86)\Java\jdk1.8.0_181\jre\bin\jdwp.dll
0x6f990000 - 0x6f997000 	C:\Program Files (x86)\Java\jdk1.8.0_181\jre\bin\npt.dll
0x68980000 - 0x689a0000 	C:\Program Files (x86)\Java\jdk1.8.0_181\jre\bin\instrument.dll
0x68d00000 - 0x68d14000 	C:\Program Files (x86)\Java\jdk1.8.0_181\jre\bin\zip.dll
0x74f50000 - 0x7629a000 	C:\WINDOWS\System32\SHELL32.dll
0x76570000 - 0x765f8000 	C:\WINDOWS\System32\shcore.dll
0x73d00000 - 0x742ba000 	C:\WINDOWS\System32\windows.storage.dll
0x749c0000 - 0x74a05000 	C:\WINDOWS\System32\shlwapi.dll
0x739e0000 - 0x739ef000 	C:\WINDOWS\System32\kernel.appcore.dll
0x73bc0000 - 0x73bd8000 	C:\WINDOWS\System32\profapi.dll
0x74710000 - 0x74755000 	C:\WINDOWS\System32\powrprof.dll
0x77000000 - 0x77008000 	C:\WINDOWS\System32\FLTLIB.DLL
0x68cc0000 - 0x68cc8000 	C:\Program Files (x86)\Java\jdk1.8.0_181\jre\bin\dt_socket.dll
0x73750000 - 0x737a6000 	C:\WINDOWS\system32\mswsock.dll
0x6f6c0000 - 0x6f842000 	C:\WINDOWS\SYSTEM32\dbghelp.dll

VM Arguments:
jvm_args: -agentlib:jdwp=transport=dt_socket,address=127.0.0.1:53036,suspend=y,server=n -javaagent:C:\Users\Kossyo\.IntelliJIdea2018.2\system\captureAgent\debugger-agent.jar=file:/C:/Users/Kossyo/AppData/Local/Temp/capture.props -Dfile.encoding=UTF-8 
java_command: FunctionalProgramming.Exercises._08_FindTheSmallestElement
java_class_path (initial): C:\Program Files (x86)\Java\jdk1.8.0_181\jre\lib\charsets.jar;C:\Program Files (x86)\Java\jdk1.8.0_181\jre\lib\deploy.jar;C:\Program Files (x86)\Java\jdk1.8.0_181\jre\lib\ext\access-bridge-32.jar;C:\Program Files (x86)\Java\jdk1.8.0_181\jre\lib\ext\cldrdata.jar;C:\Program Files (x86)\Java\jdk1.8.0_181\jre\lib\ext\dnsns.jar;C:\Program Files (x86)\Java\jdk1.8.0_181\jre\lib\ext\jaccess.jar;C:\Program Files (x86)\Java\jdk1.8.0_181\jre\lib\ext\jfxrt.jar;C:\Program Files (x86)\Java\jdk1.8.0_181\jre\lib\ext\localedata.jar;C:\Program Files (x86)\Java\jdk1.8.0_181\jre\lib\ext\nashorn.jar;C:\Program Files (x86)\Java\jdk1.8.0_181\jre\lib\ext\sunec.jar;C:\Program Files (x86)\Java\jdk1.8.0_181\jre\lib\ext\sunjce_provider.jar;C:\Program Files (x86)\Java\jdk1.8.0_181\jre\lib\ext\sunmscapi.jar;C:\Program Files (x86)\Java\jdk1.8.0_181\jre\lib\ext\sunpkcs11.jar;C:\Program Files (x86)\Java\jdk1.8.0_181\jre\lib\ext\zipfs.jar;C:\Program Files (x86)\Java\jdk1.8.0_181\jre\lib\javaws.jar;C:\Program Files (x86)\Java\jdk1.8.0_181\jre\lib\jce.jar;C:\Program Files (x86)\Java\jdk1.8.0_181\jre\lib\jfr.jar;C:\Program Files (x86)\Java\jdk1.8.0_181\jre\lib\jfxswt.jar;C:\Program Files (x86)\Java\jdk1.8.0_181\jre\lib\jsse.jar;C:\Program Files (x86)\Java\jdk1.8.0_181\jre\lib\management-agent.jar;C:\Program Files (x86)\Java\jdk1.8.0_181\jre\lib\plugin.jar;C:\Program Files (x86)\Java\jdk1.8.0_181\jre\lib\resources.jar;C:\Program Files (x86)\Java\jdk1.8.0_181\jre\lib\rt.jar;C:\Users\Kossyo\IdeaProjects\JavaAdvanced\src\IntroToJava\Exercises\out\production\Exercises;C:\Program Files\JetBrains\IntelliJ IDEA 2018.2\lib\idea_rt.jar;C:\Users\Kossyo\.IntelliJIdea2018.2\system\captureAgent\debugger-agent.jar
Launcher Type: SUN_STANDARD

Environment Variables:
JAVA_HOME=C:\Program Files\Java\jdk1.8.0_144
PATH=C:\Program Files\Microsoft MPI\Bin\;"C:\ProgramData\Oracle\Java\javapath;C:\Program Files\Java\jdk1.8.0_144\bin;C:\Program Files\Java\jre1.8.0_144\bin";C:\WINDOWS\system32;C:\WINDOWS;C:\WINDOWS\System32\Wbem;C:\WINDOWS\System32\WindowsPowerShell\v1.0\;C:\Program Files\Java\jre1.8.0_144\bin;C:\Program Files\dotnet\;C:\Program Files\Microsoft SQL Server\130\Tools\Binn\;C:\Program Files\Git\cmd;C:\WINDOWS\System32\OpenSSH\;C:\Program Files\nodejs\;C:\Program Files (x86)\Microsoft SQL Server\Client SDK\ODBC\130\Tools\Binn\;C:\Program Files (x86)\Microsoft SQL Server\140\Tools\Binn\;C:\Program Files (x86)\Microsoft SQL Server\140\DTS\Binn\;C:\Program Files (x86)\Microsoft SQL Server\140\Tools\Binn\ManagementStudio\;C:\Users\Kossyo\AppData\Local\Microsoft\WindowsApps;C:\Users\Kossyo\AppData\Roaming\npm
USERNAME=Kossyo
OS=Windows_NT
PROCESSOR_IDENTIFIER=Intel64 Family 6 Model 142 Stepping 9, GenuineIntel



---------------  S Y S T E M  ---------------

OS: Windows 10.0 , 64 bit Build 17134 (10.0.17134.1)

CPU:total 4 (initial active 4) (2 cores per cpu, 2 threads per core) family 6 model 142 stepping 9, cmov, cx8, fxsr, mmx, sse, sse2, sse3, ssse3, sse4.1, sse4.2, popcnt, avx, avx2, aes, clmul, erms, 3dnowpref, lzcnt, ht, tsc, tscinvbit, bmi1, bmi2, adx

Memory: 4k page, physical 8266228k(3971412k free), swap 9576948k(2988268k free)

vm_info: Java HotSpot(TM) Client VM (25.181-b13) for windows-x86 JRE (1.8.0_181-b13), built on Jul  7 2018 03:18:20 by "java_re" with MS VC++ 10.0 (VS2010)

time: Fri Sep 28 14:30:03 2018
elapsed time: 454 seconds (0d 0h 7m 34s)

