#
# A fatal error has been detected by the Java Runtime Environment:
#
#  Internal Error (javaCalls.cpp:51), pid=12928, tid=0x000013c4
#  guarantee(thread->is_Java_thread()) failed: crucial check - the VM thread cannot and must not escape to Java code
#
# JRE version: Java(TM) SE Runtime Environment (8.0_181-b13) (build 1.8.0_181-b13)
# Java VM: Java HotSpot(TM) Client VM (25.181-b13 mixed mode windows-x86 )
# Failed to write core dump. Minidumps are not enabled by default on client versions of Windows
#
# If you would like to submit a bug report, please visit:
#   http://bugreport.java.com/bugreport/crash.jsp
#

---------------  T H R E A D  ---------------

Current thread (0x15261400):  VMThread [stack: 0x02ae0000,0x02b30000] [id=5060]

Stack: [0x02ae0000,0x02b30000],  sp=0x02b2ed20,  free space=315k
Native frames: (J=compiled Java code, j=interpreted, Vv=VM code, C=native code)
V  [jvm.dll+0x1accfb]
V  [jvm.dll+0x1a5345]
V  [jvm.dll+0x15baee]
V  [jvm.dll+0x15c02f]
V  [jvm.dll+0x223ade]
V  [jvm.dll+0x15c0fe]
V  [jvm.dll+0x15c486]
V  [jvm.dll+0x1a600a]
V  [jvm.dll+0x1a6074]
V  [jvm.dll+0x1a622a]
V  [jvm.dll+0x1a6276]
V  [jvm.dll+0xb2cfb]
V  [jvm.dll+0xb3327]
V  [jvm.dll+0xb363c]
V  [jvm.dll+0xb553a]
V  [jvm.dll+0xb6425]
V  [jvm.dll+0xb6762]
V  [jvm.dll+0x87af1]
V  [jvm.dll+0x8817d]
V  [jvm.dll+0x882c8]
V  [jvm.dll+0x88518]
V  [jvm.dll+0xbeb6f]
V  [jvm.dll+0xce94b]
V  [jvm.dll+0x12389d]
V  [jvm.dll+0x184b5b]
V  [jvm.dll+0x183f71]
V  [jvm.dll+0x184387]
V  [jvm.dll+0x184582]
V  [jvm.dll+0x1c5416]
C  [msvcr100.dll+0x5c556]
C  [msvcr100.dll+0x5c600]
C  [KERNEL32.DLL+0x18484]
C  [ntdll.dll+0x6305a]
C  [ntdll.dll+0x6302a]

VM_Operation (0x1571f538): GetOrSetLocal, mode: safepoint, requested by thread 0x1529f000


---------------  P R O C E S S  ---------------

Java Threads: ( => current thread )
  0x1532d000 JavaThread "Service Thread" daemon [_thread_blocked, id=10452, stack(0x15910000,0x15960000)]
  0x1532c800 JavaThread "C1 CompilerThread0" daemon [_thread_blocked, id=8576, stack(0x15880000,0x158d0000)]
  0x152a5400 JavaThread "JDWP Command Reader" daemon [_thread_in_native, id=5464, stack(0x157f0000,0x15840000)]
  0x152a1800 JavaThread "JDWP Event Helper Thread" daemon [_thread_blocked, id=5672, stack(0x15760000,0x157b0000)]
  0x1529f000 JavaThread "JDWP Transport Listener: dt_socket" daemon [_thread_blocked, id=13208, stack(0x156d0000,0x15720000)]
  0x1529a800 JavaThread "Attach Listener" daemon [_thread_blocked, id=13176, stack(0x15640000,0x15690000)]
  0x15298800 JavaThread "Signal Dispatcher" daemon [_thread_blocked, id=7400, stack(0x155b0000,0x15600000)]
  0x1527d800 JavaThread "Finalizer" daemon [_thread_blocked, id=1184, stack(0x04db0000,0x04e00000)]
  0x15267800 JavaThread "Reference Handler" daemon [_thread_blocked, id=10984, stack(0x04d20000,0x04d70000)]
  0x02ade000 JavaThread "main" [_thread_blocked, id=10052, stack(0x00f30000,0x00f80000)]

Other Threads:
=>0x15261400 VMThread [stack: 0x02ae0000,0x02b30000] [id=5060]
  0x1532e400 WatcherThread [stack: 0x159a0000,0x159f0000] [id=1608]

VM state:at safepoint (normal execution)

VM Mutex/Monitor currently owned by a thread:  ([mutex/lock_event])
[0x02adc908] Threads_lock - owner thread: 0x15261400

Heap:
 def new generation   total 4928K, used 981K [0x04e00000, 0x05350000, 0x0a350000)
  eden space 4416K,  10% used [0x04e00000, 0x04e75770, 0x05250000)
  from space 512K, 100% used [0x052d0000, 0x05350000, 0x05350000)
  to   space 512K,   0% used [0x05250000, 0x05250000, 0x052d0000)
 tenured generation   total 10944K, used 215K [0x0a350000, 0x0ae00000, 0x14e00000)
   the space 10944K,   1% used [0x0a350000, 0x0a385c18, 0x0a385e00, 0x0ae00000)
 Metaspace       used 3344K, capacity 3523K, committed 3648K, reserved 4480K

Card table byte_map: [0x04c50000,0x04ce0000] byte_map_base: 0x04c29000

Polling page: 0x00f90000

CodeCache: size=32768Kb used=814Kb max_used=814Kb free=31954Kb
 bounds [0x02c50000, 0x02d20000, 0x04c50000]
 total_blobs=258 nmethods=117 adapters=80
 compilation: enabled

Compilation events (10 events):
Event: 4.692 Thread 0x1532c800  111             java.lang.ref.Reference::get (5 bytes)
Event: 4.692 Thread 0x1532c800 nmethod 111 0x02d19f88 code [0x02d1a080, 0x02d1a100]
Event: 4.694 Thread 0x1532c800  112             jdk.internal.org.objectweb.asm.ClassWriter::newUTF8 (70 bytes)
Event: 4.694 Thread 0x1532c800 nmethod 112 0x02d1a148 code [0x02d1a290, 0x02d1a468]
Event: 4.695 Thread 0x1532c800  113             java.lang.String::substring (79 bytes)
Event: 4.695 Thread 0x1532c800 nmethod 113 0x02d1a648 code [0x02d1a7a0, 0x02d1a9f0]
Event: 4.695 Thread 0x1532c800  114             java.lang.AbstractStringBuilder::<init> (12 bytes)
Event: 4.695 Thread 0x1532c800 nmethod 114 0x02d1ac48 code [0x02d1ad40, 0x02d1ae50]
Event: 37.853 Thread 0x1532c800  117             java.lang.AbstractStringBuilder::newCapacity (39 bytes)
Event: 37.853 Thread 0x1532c800 nmethod 117 0x02d1b488 code [0x02d1b590, 0x02d1b6dc]

GC Heap History (2 events):
Event: 4.699 GC heap before
{Heap before GC invocations=0 (full 0):
 def new generation   total 4928K, used 4416K [0x04e00000, 0x05350000, 0x0a350000)
  eden space 4416K, 100% used [0x04e00000, 0x05250000, 0x05250000)
  from space 512K,   0% used [0x05250000, 0x05250000, 0x052d0000)
  to   space 512K,   0% used [0x052d0000, 0x052d0000, 0x05350000)
 tenured generation   total 10944K, used 0K [0x0a350000, 0x0ae00000, 0x14e00000)
   the space 10944K,   0% used [0x0a350000, 0x0a350000, 0x0a350200, 0x0ae00000)
 Metaspace       used 3115K, capacity 3269K, committed 3392K, reserved 4480K
Event: 4.701 GC heap after
Heap after GC invocations=1 (full 0):
 def new generation   total 4928K, used 512K [0x04e00000, 0x05350000, 0x0a350000)
  eden space 4416K,   0% used [0x04e00000, 0x04e00000, 0x05250000)
  from space 512K, 100% used [0x052d0000, 0x05350000, 0x05350000)
  to   space 512K,   0% used [0x05250000, 0x05250000, 0x052d0000)
 tenured generation   total 10944K, used 215K [0x0a350000, 0x0ae00000, 0x14e00000)
   the space 10944K,   1% used [0x0a350000, 0x0a385c18, 0x0a385e00, 0x0ae00000)
 Metaspace       used 3115K, capacity 3269K, committed 3392K, reserved 4480K
}

Deoptimization events (0 events):
No events

Classes redefined (10 events):
Event: 504.900 Thread 0x15261400 redefined class name=FunctionalProgramming.Exercises._05_AppliedArithmetics, count=5
Event: 551.405 Thread 0x15261400 redefined class name=FunctionalProgramming.Exercises._05_AppliedArithmetics, count=6
Event: 598.868 Thread 0x15261400 redefined class name=FunctionalProgramming.Exercises._05_AppliedArithmetics, count=7
Event: 1359.218 Thread 0x15261400 redefined class name=FunctionalProgramming.Exercises._05_AppliedArithmetics, count=8
Event: 1753.665 Thread 0x15261400 redefined class name=FunctionalProgramming.Exercises._05_AppliedArithmetics, count=9
Event: 71524.799 Thread 0x15261400 redefined class name=FunctionalProgramming.Exercises._05_AppliedArithmetics, count=10
Event: 73396.190 Thread 0x15261400 redefined class name=FunctionalProgramming.Exercises._05_AppliedArithmetics, count=11
Event: 73444.655 Thread 0x15261400 redefined class name=FunctionalProgramming.Exercises._05_AppliedArithmetics, count=12
Event: 73460.975 Thread 0x15261400 redefined class name=FunctionalProgramming.Exercises._05_AppliedArithmetics, count=13
Event: 74879.257 Thread 0x15261400 redefined class name=FunctionalProgramming.Exercises._05_AppliedArithmetics, count=14

Internal exceptions (8 events):
Event: 0.037 Thread 0x02ade000 Exception <a 'java/lang/NoSuchMethodError': Method sun.misc.Unsafe.defineClass(Ljava/lang/String;[BII)Ljava/lang/Class; name or signature does not match> (0x04e06ea8) thrown at [C:\workspace\8-2-build-windows-i586-cygwin\jdk8u181\11358\hotspot\src\share\v
Event: 0.038 Thread 0x02ade000 Exception <a 'java/lang/NoSuchMethodError': Method sun.misc.Unsafe.prefetchRead(Ljava/lang/Object;J)V name or signature does not match> (0x04e07178) thrown at [C:\workspace\8-2-build-windows-i586-cygwin\jdk8u181\11358\hotspot\src\share\vm\prims\jni.cpp, l
Event: 0.254 Thread 0x02ade000 Exception <a 'java/security/PrivilegedActionException'> (0x0501acc0) thrown at [C:\workspace\8-2-build-windows-i586-cygwin\jdk8u181\11358\hotspot\src\share\vm\prims\jvm.cpp, line 1435]
Event: 0.254 Thread 0x02ade000 Exception <a 'java/security/PrivilegedActionException'> (0x0501b0a0) thrown at [C:\workspace\8-2-build-windows-i586-cygwin\jdk8u181\11358\hotspot\src\share\vm\prims\jvm.cpp, line 1435]
Event: 0.255 Thread 0x02ade000 Exception <a 'java/security/PrivilegedActionException'> (0x0501f358) thrown at [C:\workspace\8-2-build-windows-i586-cygwin\jdk8u181\11358\hotspot\src\share\vm\prims\jvm.cpp, line 1435]
Event: 0.255 Thread 0x02ade000 Exception <a 'java/security/PrivilegedActionException'> (0x0501f738) thrown at [C:\workspace\8-2-build-windows-i586-cygwin\jdk8u181\11358\hotspot\src\share\vm\prims\jvm.cpp, line 1435]
Event: 4.683 Thread 0x02ade000 Exception <a 'java/lang/NoSuchFieldError': method resolution failed> (0x051aecd8) thrown at [C:\workspace\8-2-build-windows-i586-cygwin\jdk8u181\11358\hotspot\src\share\vm\prims\methodHandles.cpp, line 1167]
Event: 4.684 Thread 0x02ade000 Exception <a 'java/lang/NoSuchFieldError': method resolution failed> (0x051bb9b8) thrown at [C:\workspace\8-2-build-windows-i586-cygwin\jdk8u181\11358\hotspot\src\share\vm\prims\methodHandles.cpp, line 1167]

Events (10 events):
Event: 73472.014 Executing VM operation: ChangeBreakpoints done
Event: 73529.313 Executing VM operation: ChangeBreakpoints
Event: 73529.313 Executing VM operation: ChangeBreakpoints done
Event: 73533.339 Executing VM operation: ChangeBreakpoints
Event: 73533.340 Executing VM operation: ChangeBreakpoints done
Event: 73568.064 Executing VM operation: ChangeBreakpoints
Event: 73568.065 Executing VM operation: ChangeBreakpoints done
Event: 74879.257 Executing VM operation: RedefineClasses
Event: 74879.257 Executing VM operation: RedefineClasses done
Event: 74879.293 Executing VM operation: GetOrSetLocal


Dynamic libraries:
0x00c90000 - 0x00cc3000 	C:\Program Files (x86)\Java\jdk1.8.0_181\bin\java.exe
0x77100000 - 0x77290000 	C:\WINDOWS\SYSTEM32\ntdll.dll
0x76f20000 - 0x77000000 	C:\WINDOWS\System32\KERNEL32.DLL
0x768b0000 - 0x76a94000 	C:\WINDOWS\System32\KERNELBASE.dll
0x70e80000 - 0x70f1d000 	C:\WINDOWS\SYSTEM32\apphelp.dll
0x742c0000 - 0x74338000 	C:\WINDOWS\System32\ADVAPI32.dll
0x76e60000 - 0x76f1f000 	C:\WINDOWS\System32\msvcrt.dll
0x73cb0000 - 0x73cf4000 	C:\WINDOWS\System32\sechost.dll
0x74a50000 - 0x74b10000 	C:\WINDOWS\System32\RPCRT4.dll
0x739c0000 - 0x739e0000 	C:\WINDOWS\System32\SspiCli.dll
0x739b0000 - 0x739ba000 	C:\WINDOWS\System32\CRYPTBASE.dll
0x73be0000 - 0x73c38000 	C:\WINDOWS\System32\bcryptPrimitives.dll
0x762a0000 - 0x7642d000 	C:\WINDOWS\System32\USER32.dll
0x76780000 - 0x76797000 	C:\WINDOWS\System32\win32u.dll
0x76750000 - 0x76772000 	C:\WINDOWS\System32\GDI32.dll
0x74590000 - 0x746f4000 	C:\WINDOWS\System32\gdi32full.dll
0x76830000 - 0x768ad000 	C:\WINDOWS\System32\msvcp_win.dll
0x748a0000 - 0x749be000 	C:\WINDOWS\System32\ucrtbase.dll
0x6e550000 - 0x6e754000 	C:\WINDOWS\WinSxS\x86_microsoft.windows.common-controls_6595b64144ccf1df_6.0.17134.285_none_42efceba44e1907b\COMCTL32.dll
0x76aa0000 - 0x76cfc000 	C:\WINDOWS\System32\combase.dll
0x74780000 - 0x747a6000 	C:\WINDOWS\System32\IMM32.DLL
0x69130000 - 0x691ef000 	C:\Program Files (x86)\Java\jdk1.8.0_181\jre\bin\msvcr100.dll
0x68d50000 - 0x69123000 	C:\Program Files (x86)\Java\jdk1.8.0_181\jre\bin\client\jvm.dll
0x74700000 - 0x74706000 	C:\WINDOWS\System32\PSAPI.DLL
0x6cc10000 - 0x6cc18000 	C:\WINDOWS\SYSTEM32\WSOCK32.dll
0x70cb0000 - 0x70cd4000 	C:\WINDOWS\SYSTEM32\WINMM.dll
0x73c40000 - 0x73ca7000 	C:\WINDOWS\System32\WS2_32.dll
0x73940000 - 0x73948000 	C:\WINDOWS\SYSTEM32\VERSION.dll
0x706d0000 - 0x706f3000 	C:\WINDOWS\SYSTEM32\WINMMBASE.dll
0x74a10000 - 0x74a49000 	C:\WINDOWS\System32\cfgmgr32.dll
0x6f9a0000 - 0x6f9ac000 	C:\Program Files (x86)\Java\jdk1.8.0_181\jre\bin\verify.dll
0x68d20000 - 0x68d42000 	C:\Program Files (x86)\Java\jdk1.8.0_181\jre\bin\java.dll
0x68cd0000 - 0x68cfb000 	C:\Program Files (x86)\Java\jdk1.8.0_181\jre\bin\jdwp.dll
0x6f990000 - 0x6f997000 	C:\Program Files (x86)\Java\jdk1.8.0_181\jre\bin\npt.dll
0x68980000 - 0x689a0000 	C:\Program Files (x86)\Java\jdk1.8.0_181\jre\bin\instrument.dll
0x68d00000 - 0x68d14000 	C:\Program Files (x86)\Java\jdk1.8.0_181\jre\bin\zip.dll
0x74f50000 - 0x7629a000 	C:\WINDOWS\System32\SHELL32.dll
0x76570000 - 0x765f8000 	C:\WINDOWS\System32\shcore.dll
0x73d00000 - 0x742ba000 	C:\WINDOWS\System32\windows.storage.dll
0x749c0000 - 0x74a05000 	C:\WINDOWS\System32\shlwapi.dll
0x739e0000 - 0x739ef000 	C:\WINDOWS\System32\kernel.appcore.dll
0x73bc0000 - 0x73bd8000 	C:\WINDOWS\System32\profapi.dll
0x74710000 - 0x74755000 	C:\WINDOWS\System32\powrprof.dll
0x77000000 - 0x77008000 	C:\WINDOWS\System32\FLTLIB.DLL
0x68cc0000 - 0x68cc8000 	C:\Program Files (x86)\Java\jdk1.8.0_181\jre\bin\dt_socket.dll
0x73750000 - 0x737a6000 	C:\WINDOWS\system32\mswsock.dll
0x6f6c0000 - 0x6f842000 	C:\WINDOWS\SYSTEM32\dbghelp.dll

VM Arguments:
jvm_args: -agentlib:jdwp=transport=dt_socket,address=127.0.0.1:51533,suspend=y,server=n -javaagent:C:\Users\Kossyo\.IntelliJIdea2018.2\system\captureAgent\debugger-agent.jar=file:/C:/Users/Kossyo/AppData/Local/Temp/capture.props -Dfile.encoding=UTF-8 
java_command: FunctionalProgramming.Exercises._05_AppliedArithmetics
java_class_path (initial): C:\Program Files (x86)\Java\jdk1.8.0_181\jre\lib\charsets.jar;C:\Program Files (x86)\Java\jdk1.8.0_181\jre\lib\deploy.jar;C:\Program Files (x86)\Java\jdk1.8.0_181\jre\lib\ext\access-bridge-32.jar;C:\Program Files (x86)\Java\jdk1.8.0_181\jre\lib\ext\cldrdata.jar;C:\Program Files (x86)\Java\jdk1.8.0_181\jre\lib\ext\dnsns.jar;C:\Program Files (x86)\Java\jdk1.8.0_181\jre\lib\ext\jaccess.jar;C:\Program Files (x86)\Java\jdk1.8.0_181\jre\lib\ext\jfxrt.jar;C:\Program Files (x86)\Java\jdk1.8.0_181\jre\lib\ext\localedata.jar;C:\Program Files (x86)\Java\jdk1.8.0_181\jre\lib\ext\nashorn.jar;C:\Program Files (x86)\Java\jdk1.8.0_181\jre\lib\ext\sunec.jar;C:\Program Files (x86)\Java\jdk1.8.0_181\jre\lib\ext\sunjce_provider.jar;C:\Program Files (x86)\Java\jdk1.8.0_181\jre\lib\ext\sunmscapi.jar;C:\Program Files (x86)\Java\jdk1.8.0_181\jre\lib\ext\sunpkcs11.jar;C:\Program Files (x86)\Java\jdk1.8.0_181\jre\lib\ext\zipfs.jar;C:\Program Files (x86)\Java\jdk1.8.0_181\jre\lib\javaws.jar;C:\Program Files (x86)\Java\jdk1.8.0_181\jre\lib\jce.jar;C:\Program Files (x86)\Java\jdk1.8.0_181\jre\lib\jfr.jar;C:\Program Files (x86)\Java\jdk1.8.0_181\jre\lib\jfxswt.jar;C:\Program Files (x86)\Java\jdk1.8.0_181\jre\lib\jsse.jar;C:\Program Files (x86)\Java\jdk1.8.0_181\jre\lib\management-agent.jar;C:\Program Files (x86)\Java\jdk1.8.0_181\jre\lib\plugin.jar;C:\Program Files (x86)\Java\jdk1.8.0_181\jre\lib\resources.jar;C:\Program Files (x86)\Java\jdk1.8.0_181\jre\lib\rt.jar;C:\Users\Kossyo\IdeaProjects\JavaAdvanced\src\IntroToJava\Exercises\out\production\Exercises;C:\Program Files\JetBrains\IntelliJ IDEA 2018.2\lib\idea_rt.jar;C:\Users\Kossyo\.IntelliJIdea2018.2\system\captureAgent\debugger-agent.jar
Launcher Type: SUN_STANDARD

Environment Variables:
JAVA_HOME=C:\Program Files\Java\jdk1.8.0_144
PATH=C:\Program Files\Microsoft MPI\Bin\;"C:\ProgramData\Oracle\Java\javapath;C:\Program Files\Java\jdk1.8.0_144\bin;C:\Program Files\Java\jre1.8.0_144\bin";C:\WINDOWS\system32;C:\WINDOWS;C:\WINDOWS\System32\Wbem;C:\WINDOWS\System32\WindowsPowerShell\v1.0\;C:\Program Files\Java\jre1.8.0_144\bin;C:\Program Files\dotnet\;C:\Program Files\Microsoft SQL Server\130\Tools\Binn\;C:\Program Files\Git\cmd;C:\WINDOWS\System32\OpenSSH\;C:\Program Files\nodejs\;C:\Program Files (x86)\Microsoft SQL Server\Client SDK\ODBC\130\Tools\Binn\;C:\Program Files (x86)\Microsoft SQL Server\140\Tools\Binn\;C:\Program Files (x86)\Microsoft SQL Server\140\DTS\Binn\;C:\Program Files (x86)\Microsoft SQL Server\140\Tools\Binn\ManagementStudio\;C:\Users\Kossyo\AppData\Local\Microsoft\WindowsApps;C:\Users\Kossyo\AppData\Roaming\npm
USERNAME=Kossyo
OS=Windows_NT
PROCESSOR_IDENTIFIER=Intel64 Family 6 Model 142 Stepping 9, GenuineIntel



---------------  S Y S T E M  ---------------

OS: Windows 10.0 , 64 bit Build 17134 (10.0.17134.1)

CPU:total 4 (initial active 4) (2 cores per cpu, 2 threads per core) family 6 model 142 stepping 9, cmov, cx8, fxsr, mmx, sse, sse2, sse3, ssse3, sse4.1, sse4.2, popcnt, avx, avx2, aes, clmul, erms, 3dnowpref, lzcnt, ht, tsc, tscinvbit, bmi1, bmi2, adx

Memory: 4k page, physical 8266228k(3954156k free), swap 9576948k(2772156k free)

vm_info: Java HotSpot(TM) Client VM (25.181-b13) for windows-x86 JRE (1.8.0_181-b13), built on Jul  7 2018 03:18:20 by "java_re" with MS VC++ 10.0 (VS2010)

time: Fri Sep 28 11:35:55 2018
elapsed time: 74879 seconds (0d 20h 47m 59s)

