#
# A fatal error has been detected by the Java Runtime Environment:
#
#  EXCEPTION_ACCESS_VIOLATION (0xc0000005) at pc=0x68e029b0, pid=9908, tid=0x00001648
#
# JRE version: Java(TM) SE Runtime Environment (8.0_181-b13) (build 1.8.0_181-b13)
# Java VM: Java HotSpot(TM) Client VM (25.181-b13 mixed mode windows-x86 )
# Problematic frame:
# V  [jvm.dll+0xb29b0]
#
# Failed to write core dump. Minidumps are not enabled by default on client versions of Windows
#
# If you would like to submit a bug report, please visit:
#   http://bugreport.java.com/bugreport/crash.jsp
#

---------------  T H R E A D  ---------------

Current thread (0x14f50c00):  VMThread [stack: 0x026f0000,0x02740000] [id=5704]

siginfo: ExceptionCode=0xc0000005, reading address 0x22957894

Registers:
EAX=0xffffcb6d, EBX=0x00002000, ECX=0x0000000d, EDX=0x07fffe5b
ESP=0x0273f75c, EBP=0x0273f768, ESI=0x0273f888, EDI=0x02957f28
EIP=0x68e029b0, EFLAGS=0x00010a02

Top of Stack: (sp=0x0273f75c)
0x0273f75c:   00000000 0273f888 00000135 0273f790
0x0273f76c:   68e043ae 0273f888 ffffcb6d 00000000
0x0273f77c:   000000a2 0273f888 00000400 68e03f2d
0x0273f78c:   00000400 0273f7e0 68e04b08 0273f7b0
0x0273f79c:   68e02990 00000000 02957ef8 0273f888
0x0273f7ac:   00000000 14d2bf70 14f50c00 00000135
0x0273f7bc:   00000138 0000016e 000000a2 02730000
0x0273f7cc:   000000a2 14d2bf70 00000135 000000a2 

Instructions: (pc=0x68e029b0)
0x68e02990:   55 8b ec 8b 45 0c 53 8b c8 83 e1 1f bb 01 00 00
0x68e029a0:   00 56 8b 75 08 d3 e3 8b d0 57 8b 7e 5c c1 ea 05
0x68e029b0:   85 1c 97 75 0e 6a 01 50 8d 4e 4c e8 f0 1b 0f 00
0x68e029c0:   ff 46 48 5f 5e 5b 5d c3 cc cc cc cc cc cc cc cc 


Register to memory mapping:

EAX=0xffffcb6d is an unknown value
EBX=0x00002000 is an unknown value
ECX=0x0000000d is an unknown value
EDX=0x07fffe5b is an unallocated location in the heap
ESP=0x0273f75c is an unknown value
EBP=0x0273f768 is an unknown value
ESI=0x0273f888 is an unknown value
EDI=0x02957f28 is an unknown value


Stack: [0x026f0000,0x02740000],  sp=0x0273f75c,  free space=317k
Native frames: (J=compiled Java code, j=interpreted, Vv=VM code, C=native code)
V  [jvm.dll+0xb29b0]
V  [jvm.dll+0xb43ae]
V  [jvm.dll+0xb4b08]
V  [jvm.dll+0xb68e1]
V  [jvm.dll+0x87af1]
V  [jvm.dll+0x8817d]
V  [jvm.dll+0x882c8]
V  [jvm.dll+0x88518]
V  [jvm.dll+0xbeb6f]
V  [jvm.dll+0xce94b]
V  [jvm.dll+0x12389d]
V  [jvm.dll+0x184b5b]
V  [jvm.dll+0x183f71]
V  [jvm.dll+0x184387]
V  [jvm.dll+0x184582]
V  [jvm.dll+0x1c5416]
C  [msvcr100.dll+0x5c556]
C  [msvcr100.dll+0x5c600]
C  [KERNEL32.DLL+0x18484]
C  [ntdll.dll+0x6305a]
C  [ntdll.dll+0x6302a]

VM_Operation (0x1550f6b8): GetOrSetLocal, mode: safepoint, requested by thread 0x14f8f000


---------------  P R O C E S S  ---------------

Java Threads: ( => current thread )
  0x15042c00 JavaThread "Service Thread" daemon [_thread_blocked, id=12092, stack(0x15700000,0x15750000)]
  0x14fde000 JavaThread "C1 CompilerThread0" daemon [_thread_blocked, id=8024, stack(0x15670000,0x156c0000)]
  0x14f95400 JavaThread "JDWP Command Reader" daemon [_thread_in_native, id=13964, stack(0x155e0000,0x15630000)]
  0x14f92000 JavaThread "JDWP Event Helper Thread" daemon [_thread_blocked, id=1344, stack(0x15550000,0x155a0000)]
  0x14f8f000 JavaThread "JDWP Transport Listener: dt_socket" daemon [_thread_blocked, id=11144, stack(0x154c0000,0x15510000)]
  0x14f8a800 JavaThread "Attach Listener" daemon [_thread_blocked, id=12396, stack(0x15430000,0x15480000)]
  0x14f88800 JavaThread "Signal Dispatcher" daemon [_thread_blocked, id=5824, stack(0x153a0000,0x153f0000)]
  0x14f6d800 JavaThread "Finalizer" daemon [_thread_blocked, id=9892, stack(0x15220000,0x15270000)]
  0x14f57800 JavaThread "Reference Handler" daemon [_thread_blocked, id=13264, stack(0x15190000,0x151e0000)]
  0x026ee000 JavaThread "main" [_thread_blocked, id=6272, stack(0x02650000,0x026a0000)]

Other Threads:
=>0x14f50c00 VMThread [stack: 0x026f0000,0x02740000] [id=5704]
  0x15029c00 WatcherThread [stack: 0x15790000,0x157e0000] [id=4320]

VM state:at safepoint (normal execution)

VM Mutex/Monitor currently owned by a thread:  ([mutex/lock_event])
[0x026ecb00] Threads_lock - owner thread: 0x14f50c00

Heap:
 def new generation   total 4928K, used 974K [0x04a00000, 0x04f50000, 0x09f50000)
  eden space 4416K,  10% used [0x04a00000, 0x04a738d0, 0x04e50000)
  from space 512K, 100% used [0x04ed0000, 0x04f50000, 0x04f50000)
  to   space 512K,   0% used [0x04e50000, 0x04e50000, 0x04ed0000)
 tenured generation   total 10944K, used 214K [0x09f50000, 0x0aa00000, 0x14a00000)
   the space 10944K,   1% used [0x09f50000, 0x09f85980, 0x09f85a00, 0x0aa00000)
 Metaspace       used 3259K, capacity 3432K, committed 3520K, reserved 4480K

Card table byte_map: [0x14a00000,0x14a90000] byte_map_base: 0x149db000

Polling page: 0x00c70000

CodeCache: size=32768Kb used=817Kb max_used=817Kb free=31950Kb
 bounds [0x029e0000, 0x02ab0000, 0x049e0000]
 total_blobs=263 nmethods=122 adapters=80
 compilation: enabled

Compilation events (10 events):
Event: 0.907 Thread 0x14fde000  112             jdk.internal.org.objectweb.asm.ClassWriter::newUTF8 (70 bytes)
Event: 0.907 Thread 0x14fde000 nmethod 112 0x02aaa148 code [0x02aaa290, 0x02aaa468]
Event: 0.909 Thread 0x14fde000  113             java.lang.String::substring (79 bytes)
Event: 0.909 Thread 0x14fde000 nmethod 113 0x02aaa648 code [0x02aaa7a0, 0x02aaa9f0]
Event: 0.909 Thread 0x14fde000  114             java.lang.AbstractStringBuilder::<init> (12 bytes)
Event: 0.910 Thread 0x14fde000 nmethod 114 0x02aaac48 code [0x02aaad40, 0x02aaae50]
Event: 0.930 Thread 0x14fde000  120             java.lang.invoke.MethodType::checkPtypes (61 bytes)
Event: 0.931 Thread 0x14fde000 nmethod 120 0x02aab888 code [0x02aaba00, 0x02aabdc8]
Event: 0.931 Thread 0x14fde000  122             java.lang.Class::getName (21 bytes)
Event: 0.931 Thread 0x14fde000 nmethod 122 0x02aac288 code [0x02aac380, 0x02aac43c]

GC Heap History (2 events):
Event: 0.916 GC heap before
{Heap before GC invocations=0 (full 0):
 def new generation   total 4928K, used 4416K [0x04a00000, 0x04f50000, 0x09f50000)
  eden space 4416K, 100% used [0x04a00000, 0x04e50000, 0x04e50000)
  from space 512K,   0% used [0x04e50000, 0x04e50000, 0x04ed0000)
  to   space 512K,   0% used [0x04ed0000, 0x04ed0000, 0x04f50000)
 tenured generation   total 10944K, used 0K [0x09f50000, 0x0aa00000, 0x14a00000)
   the space 10944K,   0% used [0x09f50000, 0x09f50000, 0x09f50200, 0x0aa00000)
 Metaspace       used 3110K, capacity 3269K, committed 3392K, reserved 4480K
Event: 0.919 GC heap after
Heap after GC invocations=1 (full 0):
 def new generation   total 4928K, used 512K [0x04a00000, 0x04f50000, 0x09f50000)
  eden space 4416K,   0% used [0x04a00000, 0x04a00000, 0x04e50000)
  from space 512K, 100% used [0x04ed0000, 0x04f50000, 0x04f50000)
  to   space 512K,   0% used [0x04e50000, 0x04e50000, 0x04ed0000)
 tenured generation   total 10944K, used 214K [0x09f50000, 0x0aa00000, 0x14a00000)
   the space 10944K,   1% used [0x09f50000, 0x09f85980, 0x09f85a00, 0x0aa00000)
 Metaspace       used 3110K, capacity 3269K, committed 3392K, reserved 4480K
}

Deoptimization events (0 events):
No events

Classes redefined (4 events):
Event: 172.329 Thread 0x14f50c00 redefined class name=FunctionalProgramming.Exercises.Filter, count=1
Event: 172.329 Thread 0x14f50c00 redefined class name=FunctionalProgramming.Exercises._13_InfernoIII, count=1
Event: 289.906 Thread 0x14f50c00 redefined class name=FunctionalProgramming.Exercises.Filter, count=2
Event: 289.906 Thread 0x14f50c00 redefined class name=FunctionalProgramming.Exercises._13_InfernoIII, count=2

Internal exceptions (8 events):
Event: 0.085 Thread 0x026ee000 Exception <a 'java/lang/NoSuchMethodError': Method sun.misc.Unsafe.defineClass(Ljava/lang/String;[BII)Ljava/lang/Class; name or signature does not match> (0x04a06ea8) thrown at [C:\workspace\8-2-build-windows-i586-cygwin\jdk8u181\11358\hotspot\src\share\v
Event: 0.085 Thread 0x026ee000 Exception <a 'java/lang/NoSuchMethodError': Method sun.misc.Unsafe.prefetchRead(Ljava/lang/Object;J)V name or signature does not match> (0x04a07178) thrown at [C:\workspace\8-2-build-windows-i586-cygwin\jdk8u181\11358\hotspot\src\share\vm\prims\jni.cpp, l
Event: 0.325 Thread 0x026ee000 Exception <a 'java/security/PrivilegedActionException'> (0x04c31560) thrown at [C:\workspace\8-2-build-windows-i586-cygwin\jdk8u181\11358\hotspot\src\share\vm\prims\jvm.cpp, line 1435]
Event: 0.325 Thread 0x026ee000 Exception <a 'java/security/PrivilegedActionException'> (0x04c31940) thrown at [C:\workspace\8-2-build-windows-i586-cygwin\jdk8u181\11358\hotspot\src\share\vm\prims\jvm.cpp, line 1435]
Event: 0.326 Thread 0x026ee000 Exception <a 'java/security/PrivilegedActionException'> (0x04c35bf8) thrown at [C:\workspace\8-2-build-windows-i586-cygwin\jdk8u181\11358\hotspot\src\share\vm\prims\jvm.cpp, line 1435]
Event: 0.326 Thread 0x026ee000 Exception <a 'java/security/PrivilegedActionException'> (0x04c35fd8) thrown at [C:\workspace\8-2-build-windows-i586-cygwin\jdk8u181\11358\hotspot\src\share\vm\prims\jvm.cpp, line 1435]
Event: 0.889 Thread 0x026ee000 Exception <a 'java/lang/NoSuchFieldError': method resolution failed> (0x04daf318) thrown at [C:\workspace\8-2-build-windows-i586-cygwin\jdk8u181\11358\hotspot\src\share\vm\prims\methodHandles.cpp, line 1167]
Event: 0.892 Thread 0x026ee000 Exception <a 'java/lang/NoSuchFieldError': method resolution failed> (0x04dbbf70) thrown at [C:\workspace\8-2-build-windows-i586-cygwin\jdk8u181\11358\hotspot\src\share\vm\prims\methodHandles.cpp, line 1167]

Events (10 events):
Event: 289.899 Executing VM operation: ChangeBreakpoints done
Event: 289.905 Executing VM operation: RedefineClasses
Event: 289.906 Executing VM operation: RedefineClasses done
Event: 289.955 Executing VM operation: ChangeBreakpoints
Event: 289.955 Executing VM operation: ChangeBreakpoints done
Event: 289.963 Executing VM operation: ChangeBreakpoints
Event: 289.964 Executing VM operation: ChangeBreakpoints done
Event: 289.964 Executing VM operation: ChangeBreakpoints
Event: 289.964 Executing VM operation: ChangeBreakpoints done
Event: 290.007 Executing VM operation: GetOrSetLocal


Dynamic libraries:
0x00c90000 - 0x00cc3000 	C:\Program Files (x86)\Java\jdk1.8.0_181\bin\java.exe
0x77100000 - 0x77290000 	C:\WINDOWS\SYSTEM32\ntdll.dll
0x76f20000 - 0x77000000 	C:\WINDOWS\System32\KERNEL32.DLL
0x768b0000 - 0x76a94000 	C:\WINDOWS\System32\KERNELBASE.dll
0x70e80000 - 0x70f1d000 	C:\WINDOWS\SYSTEM32\apphelp.dll
0x742c0000 - 0x74338000 	C:\WINDOWS\System32\ADVAPI32.dll
0x76e60000 - 0x76f1f000 	C:\WINDOWS\System32\msvcrt.dll
0x73cb0000 - 0x73cf4000 	C:\WINDOWS\System32\sechost.dll
0x74a50000 - 0x74b10000 	C:\WINDOWS\System32\RPCRT4.dll
0x739c0000 - 0x739e0000 	C:\WINDOWS\System32\SspiCli.dll
0x739b0000 - 0x739ba000 	C:\WINDOWS\System32\CRYPTBASE.dll
0x73be0000 - 0x73c38000 	C:\WINDOWS\System32\bcryptPrimitives.dll
0x762a0000 - 0x7642d000 	C:\WINDOWS\System32\USER32.dll
0x76780000 - 0x76797000 	C:\WINDOWS\System32\win32u.dll
0x76750000 - 0x76772000 	C:\WINDOWS\System32\GDI32.dll
0x74590000 - 0x746f4000 	C:\WINDOWS\System32\gdi32full.dll
0x76830000 - 0x768ad000 	C:\WINDOWS\System32\msvcp_win.dll
0x748a0000 - 0x749be000 	C:\WINDOWS\System32\ucrtbase.dll
0x6e550000 - 0x6e754000 	C:\WINDOWS\WinSxS\x86_microsoft.windows.common-controls_6595b64144ccf1df_6.0.17134.285_none_42efceba44e1907b\COMCTL32.dll
0x76aa0000 - 0x76cfc000 	C:\WINDOWS\System32\combase.dll
0x74780000 - 0x747a6000 	C:\WINDOWS\System32\IMM32.DLL
0x69130000 - 0x691ef000 	C:\Program Files (x86)\Java\jdk1.8.0_181\jre\bin\msvcr100.dll
0x68d50000 - 0x69123000 	C:\Program Files (x86)\Java\jdk1.8.0_181\jre\bin\client\jvm.dll
0x74700000 - 0x74706000 	C:\WINDOWS\System32\PSAPI.DLL
0x6cc10000 - 0x6cc18000 	C:\WINDOWS\SYSTEM32\WSOCK32.dll
0x70cb0000 - 0x70cd4000 	C:\WINDOWS\SYSTEM32\WINMM.dll
0x73c40000 - 0x73ca7000 	C:\WINDOWS\System32\WS2_32.dll
0x73940000 - 0x73948000 	C:\WINDOWS\SYSTEM32\VERSION.dll
0x706d0000 - 0x706f3000 	C:\WINDOWS\SYSTEM32\WINMMBASE.dll
0x74a10000 - 0x74a49000 	C:\WINDOWS\System32\cfgmgr32.dll
0x6f9a0000 - 0x6f9ac000 	C:\Program Files (x86)\Java\jdk1.8.0_181\jre\bin\verify.dll
0x68d20000 - 0x68d42000 	C:\Program Files (x86)\Java\jdk1.8.0_181\jre\bin\java.dll
0x68cd0000 - 0x68cfb000 	C:\Program Files (x86)\Java\jdk1.8.0_181\jre\bin\jdwp.dll
0x6f990000 - 0x6f997000 	C:\Program Files (x86)\Java\jdk1.8.0_181\jre\bin\npt.dll
0x68980000 - 0x689a0000 	C:\Program Files (x86)\Java\jdk1.8.0_181\jre\bin\instrument.dll
0x68d00000 - 0x68d14000 	C:\Program Files (x86)\Java\jdk1.8.0_181\jre\bin\zip.dll
0x74f50000 - 0x7629a000 	C:\WINDOWS\System32\SHELL32.dll
0x76570000 - 0x765f8000 	C:\WINDOWS\System32\shcore.dll
0x73d00000 - 0x742ba000 	C:\WINDOWS\System32\windows.storage.dll
0x749c0000 - 0x74a05000 	C:\WINDOWS\System32\shlwapi.dll
0x739e0000 - 0x739ef000 	C:\WINDOWS\System32\kernel.appcore.dll
0x73bc0000 - 0x73bd8000 	C:\WINDOWS\System32\profapi.dll
0x74710000 - 0x74755000 	C:\WINDOWS\System32\powrprof.dll
0x77000000 - 0x77008000 	C:\WINDOWS\System32\FLTLIB.DLL
0x68cc0000 - 0x68cc8000 	C:\Program Files (x86)\Java\jdk1.8.0_181\jre\bin\dt_socket.dll
0x73750000 - 0x737a6000 	C:\WINDOWS\system32\mswsock.dll
0x6f6c0000 - 0x6f842000 	C:\WINDOWS\SYSTEM32\dbghelp.dll

VM Arguments:
jvm_args: -agentlib:jdwp=transport=dt_socket,address=127.0.0.1:55808,suspend=y,server=n -javaagent:C:\Users\Kossyo\.IntelliJIdea2018.2\system\captureAgent\debugger-agent.jar=file:/C:/Users/Kossyo/AppData/Local/Temp/capture.props -Dfile.encoding=UTF-8 
java_command: FunctionalProgramming.Exercises._13_InfernoIII
java_class_path (initial): C:\Program Files (x86)\Java\jdk1.8.0_181\jre\lib\charsets.jar;C:\Program Files (x86)\Java\jdk1.8.0_181\jre\lib\deploy.jar;C:\Program Files (x86)\Java\jdk1.8.0_181\jre\lib\ext\access-bridge-32.jar;C:\Program Files (x86)\Java\jdk1.8.0_181\jre\lib\ext\cldrdata.jar;C:\Program Files (x86)\Java\jdk1.8.0_181\jre\lib\ext\dnsns.jar;C:\Program Files (x86)\Java\jdk1.8.0_181\jre\lib\ext\jaccess.jar;C:\Program Files (x86)\Java\jdk1.8.0_181\jre\lib\ext\jfxrt.jar;C:\Program Files (x86)\Java\jdk1.8.0_181\jre\lib\ext\localedata.jar;C:\Program Files (x86)\Java\jdk1.8.0_181\jre\lib\ext\nashorn.jar;C:\Program Files (x86)\Java\jdk1.8.0_181\jre\lib\ext\sunec.jar;C:\Program Files (x86)\Java\jdk1.8.0_181\jre\lib\ext\sunjce_provider.jar;C:\Program Files (x86)\Java\jdk1.8.0_181\jre\lib\ext\sunmscapi.jar;C:\Program Files (x86)\Java\jdk1.8.0_181\jre\lib\ext\sunpkcs11.jar;C:\Program Files (x86)\Java\jdk1.8.0_181\jre\lib\ext\zipfs.jar;C:\Program Files (x86)\Java\jdk1.8.0_181\jre\lib\javaws.jar;C:\Program Files (x86)\Java\jdk1.8.0_181\jre\lib\jce.jar;C:\Program Files (x86)\Java\jdk1.8.0_181\jre\lib\jfr.jar;C:\Program Files (x86)\Java\jdk1.8.0_181\jre\lib\jfxswt.jar;C:\Program Files (x86)\Java\jdk1.8.0_181\jre\lib\jsse.jar;C:\Program Files (x86)\Java\jdk1.8.0_181\jre\lib\management-agent.jar;C:\Program Files (x86)\Java\jdk1.8.0_181\jre\lib\plugin.jar;C:\Program Files (x86)\Java\jdk1.8.0_181\jre\lib\resources.jar;C:\Program Files (x86)\Java\jdk1.8.0_181\jre\lib\rt.jar;C:\Users\Kossyo\IdeaProjects\JavaAdvanced\src\IntroToJava\Exercises\out\production\Exercises;C:\Program Files\JetBrains\IntelliJ IDEA 2018.2\lib\idea_rt.jar;C:\Users\Kossyo\.IntelliJIdea2018.2\system\captureAgent\debugger-agent.jar
Launcher Type: SUN_STANDARD

Environment Variables:
JAVA_HOME=C:\Program Files\Java\jdk1.8.0_144
PATH=C:\Program Files\Microsoft MPI\Bin\;"C:\ProgramData\Oracle\Java\javapath;C:\Program Files\Java\jdk1.8.0_144\bin;C:\Program Files\Java\jre1.8.0_144\bin";C:\WINDOWS\system32;C:\WINDOWS;C:\WINDOWS\System32\Wbem;C:\WINDOWS\System32\WindowsPowerShell\v1.0\;C:\Program Files\Java\jre1.8.0_144\bin;C:\Program Files\dotnet\;C:\Program Files\Microsoft SQL Server\130\Tools\Binn\;C:\Program Files\Git\cmd;C:\WINDOWS\System32\OpenSSH\;C:\Program Files\nodejs\;C:\Program Files (x86)\Microsoft SQL Server\Client SDK\ODBC\130\Tools\Binn\;C:\Program Files (x86)\Microsoft SQL Server\140\Tools\Binn\;C:\Program Files (x86)\Microsoft SQL Server\140\DTS\Binn\;C:\Program Files (x86)\Microsoft SQL Server\140\Tools\Binn\ManagementStudio\;C:\Users\Kossyo\AppData\Local\Microsoft\WindowsApps;C:\Users\Kossyo\AppData\Roaming\npm
USERNAME=Kossyo
OS=Windows_NT
PROCESSOR_IDENTIFIER=Intel64 Family 6 Model 142 Stepping 9, GenuineIntel



---------------  S Y S T E M  ---------------

OS: Windows 10.0 , 64 bit Build 17134 (10.0.17134.1)

CPU:total 4 (initial active 4) (2 cores per cpu, 2 threads per core) family 6 model 142 stepping 9, cmov, cx8, fxsr, mmx, sse, sse2, sse3, ssse3, sse4.1, sse4.2, popcnt, avx, avx2, aes, clmul, erms, 3dnowpref, lzcnt, ht, tsc, tscinvbit, bmi1, bmi2, adx

Memory: 4k page, physical 8266228k(3715080k free), swap 9576948k(3908644k free)

vm_info: Java HotSpot(TM) Client VM (25.181-b13) for windows-x86 JRE (1.8.0_181-b13), built on Jul  7 2018 03:18:20 by "java_re" with MS VC++ 10.0 (VS2010)

time: Tue Oct 02 16:39:41 2018
elapsed time: 290 seconds (0d 0h 4m 50s)

