#
# A fatal error has been detected by the Java Runtime Environment:
#
#  EXCEPTION_ACCESS_VIOLATION (0xc0000005) at pc=0x69ffd6fe, pid=232, tid=0x00003304
#
# JRE version: Java(TM) SE Runtime Environment (8.0_181-b13) (build 1.8.0_181-b13)
# Java VM: Java HotSpot(TM) Client VM (25.181-b13 mixed mode windows-x86 )
# Problematic frame:
# V  [jvm.dll+0xad6fe]
#
# Failed to write core dump. Minidumps are not enabled by default on client versions of Windows
#
# If you would like to submit a bug report, please visit:
#   http://bugreport.java.com/bugreport/crash.jsp
#

---------------  T H R E A D  ---------------

Current thread (0x15350c00):  VMThread [stack: 0x15550000,0x155a0000] [id=13060]

siginfo: ExceptionCode=0xc0000005, reading address 0x151f60d0

Registers:
EAX=0x151f60d0, EBX=0x00000000, ECX=0x1512b820, EDX=0x1512c068
ESP=0x1559f160, EBP=0x1559f160, ESI=0x1559f6c8, EDI=0x1559f5e8
EIP=0x69ffd6fe, EFLAGS=0x00010206

Top of Stack: (sp=0x1559f160)
0x1559f160:   1559f5b0 6a003c5d 0000ca06 00000000
0x1559f170:   1559f5e8 1559f6c8 000000a4 6a235bd4
0x1559f180:   02ce0bd0 00000002 00000000 0000000c
0x1559f190:   1559f198 00000001 4fffffff 4fffffff
0x1559f1a0:   00000002 4fffffff 4fffffff 6a003dbf
0x1559f1b0:   6a235bd4 02ce23c0 00000003 1559f6c8
0x1559f1c0:   1559f618 6a003d70 1559f650 1542d208
0x1559f1d0:   1542d24c 00000000 1559f650 1559f6c8 

Instructions: (pc=0x69ffd6fe)
0x69ffd6de:   08 8b 00 25 ff ff 00 00 0f b7 44 81 2e 0f b7 44
0x69ffd6ee:   81 2e 8b 44 81 2c 5d c2 08 00 03 c0 8d 44 c2 08
0x69ffd6fe:   8b 00 25 ff ff 00 00 0f b7 44 81 2e 0f b7 54 81
0x69ffd70e:   2e 8b 44 91 2c 5d c2 08 00 8b 51 04 80 7c 02 04 


Register to memory mapping:

EAX=0x151f60d0 is an unknown value
EBX=0x00000000 is an unknown value
ECX=0x1512b820 is pointing into metadata
EDX=0x1512c068 is pointing into metadata
ESP=0x1559f160 is an unknown value
EBP=0x1559f160 is an unknown value
ESI=0x1559f6c8 is an unknown value
EDI=0x1559f5e8 is an unknown value


Stack: [0x15550000,0x155a0000],  sp=0x1559f160,  free space=316k
Native frames: (J=compiled Java code, j=interpreted, Vv=VM code, C=native code)
V  [jvm.dll+0xad6fe]
V  [jvm.dll+0xb3c5d]
V  [jvm.dll+0xb5640]
V  [jvm.dll+0xb63ec]
V  [jvm.dll+0xb6762]
V  [jvm.dll+0x87af1]
V  [jvm.dll+0x8817d]
V  [jvm.dll+0x882c8]
V  [jvm.dll+0x88518]
V  [jvm.dll+0xbeb6f]
V  [jvm.dll+0xce94b]
V  [jvm.dll+0x12389d]
V  [jvm.dll+0x184b5b]
V  [jvm.dll+0x183f71]
V  [jvm.dll+0x184387]
V  [jvm.dll+0x184582]
V  [jvm.dll+0x1c5416]
C  [msvcr100.dll+0x5c556]
C  [msvcr100.dll+0x5c600]
C  [KERNEL32.DLL+0x18484]
C  [ntdll.dll+0x6305a]
C  [ntdll.dll+0x6302a]

VM_Operation (0x158ff7c8): GetOrSetLocal, mode: safepoint, requested by thread 0x15390800


---------------  P R O C E S S  ---------------

Java Threads: ( => current thread )
  0x15446000 JavaThread "Service Thread" daemon [_thread_blocked, id=16320, stack(0x15af0000,0x15b40000)]
  0x153bc000 JavaThread "C1 CompilerThread0" daemon [_thread_blocked, id=14348, stack(0x15a60000,0x15ab0000)]
  0x15395000 JavaThread "JDWP Command Reader" daemon [_thread_in_native, id=12004, stack(0x159d0000,0x15a20000)]
  0x15391c00 JavaThread "JDWP Event Helper Thread" daemon [_thread_blocked, id=1108, stack(0x15940000,0x15990000)]
  0x15390800 JavaThread "JDWP Transport Listener: dt_socket" daemon [_thread_blocked, id=1948, stack(0x158b0000,0x15900000)]
  0x1538a800 JavaThread "Attach Listener" daemon [_thread_blocked, id=4748, stack(0x15820000,0x15870000)]
  0x15388800 JavaThread "Signal Dispatcher" daemon [_thread_blocked, id=11460, stack(0x15790000,0x157e0000)]
  0x1536d800 JavaThread "Finalizer" daemon [_thread_blocked, id=17064, stack(0x155f0000,0x15640000)]
  0x15357800 JavaThread "Reference Handler" daemon [_thread_blocked, id=14804, stack(0x155a0000,0x155f0000)]
  0x02bae000 JavaThread "main" [_thread_blocked, id=8420, stack(0x011a0000,0x011f0000)]

Other Threads:
=>0x15350c00 VMThread [stack: 0x15550000,0x155a0000] [id=13060]
  0x15427000 WatcherThread [stack: 0x15b80000,0x15bd0000] [id=6396]

VM state:at safepoint (normal execution)

VM Mutex/Monitor currently owned by a thread:  ([mutex/lock_event])
[0x02bac748] Threads_lock - owner thread: 0x15350c00

Heap:
 def new generation   total 4928K, used 1839K [0x04e00000, 0x05350000, 0x0a350000)
  eden space 4416K,  41% used [0x04e00000, 0x04fcbe38, 0x05250000)
  from space 512K,   0% used [0x05250000, 0x05250000, 0x052d0000)
  to   space 512K,   0% used [0x052d0000, 0x052d0000, 0x05350000)
 tenured generation   total 10944K, used 0K [0x0a350000, 0x0ae00000, 0x14e00000)
   the space 10944K,   0% used [0x0a350000, 0x0a350000, 0x0a350200, 0x0ae00000)
 Metaspace       used 2115K, capacity 2312K, committed 2368K, reserved 4480K

Card table byte_map: [0x14e00000,0x14e90000] byte_map_base: 0x14dd9000

Polling page: 0x01130000

CodeCache: size=32768Kb used=672Kb max_used=672Kb free=32095Kb
 bounds [0x02dc0000, 0x02e70000, 0x04dc0000]
 total_blobs=148 nmethods=16 adapters=72
 compilation: enabled

Compilation events (10 events):
Event: 0.246 Thread 0x153bc000   12             java.lang.String::indexOf (166 bytes)
Event: 0.246 Thread 0x153bc000 nmethod 12 0x02e669c8 code [0x02e66ae0, 0x02e66d30]
Event: 0.246 Thread 0x153bc000   13             java.lang.String::replace (127 bytes)
Event: 0.247 Thread 0x153bc000 nmethod 13 0x02e67088 code [0x02e671a0, 0x02e67430]
Event: 0.247 Thread 0x153bc000   14             java.lang.String::charAt (29 bytes)
Event: 0.247 Thread 0x153bc000 nmethod 14 0x02e676c8 code [0x02e677e0, 0x02e678dc]
Event: 0.247 Thread 0x153bc000   15             java.lang.AbstractStringBuilder::ensureCapacityInternal (27 bytes)
Event: 0.247 Thread 0x153bc000 nmethod 15 0x02e679c8 code [0x02e67ae0, 0x02e67ca8]
Event: 0.247 Thread 0x153bc000   16             java.lang.AbstractStringBuilder::append (29 bytes)
Event: 0.248 Thread 0x153bc000 nmethod 16 0x02e67dc8 code [0x02e67ee0, 0x02e680e8]

GC Heap History (0 events):
No events

Deoptimization events (0 events):
No events

Classes redefined (2 events):
Event: 52.267 Thread 0x15350c00 redefined class name=ExamPreparation._03may2017.HandScore, count=1
Event: 546.588 Thread 0x15350c00 redefined class name=ExamPreparation._03may2017.HandScore, count=2

Internal exceptions (2 events):
Event: 0.035 Thread 0x02bae000 Exception <a 'java/lang/NoSuchMethodError': Method sun.misc.Unsafe.defineClass(Ljava/lang/String;[BII)Ljava/lang/Class; name or signature does not match> (0x04e06ea8) thrown at [C:\workspace\8-2-build-windows-i586-cygwin\jdk8u181\11358\hotspot\src\share\v
Event: 0.035 Thread 0x02bae000 Exception <a 'java/lang/NoSuchMethodError': Method sun.misc.Unsafe.prefetchRead(Ljava/lang/Object;J)V name or signature does not match> (0x04e07178) thrown at [C:\workspace\8-2-build-windows-i586-cygwin\jdk8u181\11358\hotspot\src\share\vm\prims\jni.cpp, l

Events (10 events):
Event: 291.234 Executing VM operation: ChangeBreakpoints done
Event: 546.585 Executing VM operation: ChangeBreakpoints
Event: 546.586 Executing VM operation: ChangeBreakpoints done
Event: 546.588 Executing VM operation: RedefineClasses
Event: 546.588 Executing VM operation: RedefineClasses done
Event: 546.602 Executing VM operation: ChangeBreakpoints
Event: 546.602 Executing VM operation: ChangeBreakpoints done
Event: 546.608 Executing VM operation: ChangeBreakpoints
Event: 546.608 Executing VM operation: ChangeBreakpoints done
Event: 546.624 Executing VM operation: GetOrSetLocal


Dynamic libraries:
0x01060000 - 0x01093000 	C:\Program Files (x86)\Java\jdk1.8.0_181\bin\java.exe
0x77280000 - 0x77410000 	C:\WINDOWS\SYSTEM32\ntdll.dll
0x762b0000 - 0x76390000 	C:\WINDOWS\System32\KERNEL32.DLL
0x76620000 - 0x76804000 	C:\WINDOWS\System32\KERNELBASE.dll
0x72da0000 - 0x72e3d000 	C:\WINDOWS\SYSTEM32\apphelp.dll
0x75ab0000 - 0x75b28000 	C:\WINDOWS\System32\ADVAPI32.dll
0x73bc0000 - 0x73c7f000 	C:\WINDOWS\System32\msvcrt.dll
0x75a50000 - 0x75a94000 	C:\WINDOWS\System32\sechost.dll
0x76a90000 - 0x76b50000 	C:\WINDOWS\System32\RPCRT4.dll
0x73b40000 - 0x73b60000 	C:\WINDOWS\System32\SspiCli.dll
0x73b30000 - 0x73b3a000 	C:\WINDOWS\System32\CRYPTBASE.dll
0x75ff0000 - 0x76048000 	C:\WINDOWS\System32\bcryptPrimitives.dll
0x76390000 - 0x7651d000 	C:\WINDOWS\System32\USER32.dll
0x74190000 - 0x741a7000 	C:\WINDOWS\System32\win32u.dll
0x75f10000 - 0x75f32000 	C:\WINDOWS\System32\GDI32.dll
0x768b0000 - 0x76a14000 	C:\WINDOWS\System32\gdi32full.dll
0x75e00000 - 0x75e7d000 	C:\WINDOWS\System32\msvcp_win.dll
0x75ce0000 - 0x75dfe000 	C:\WINDOWS\System32\ucrtbase.dll
0x70470000 - 0x70674000 	C:\WINDOWS\WinSxS\x86_microsoft.windows.common-controls_6595b64144ccf1df_6.0.17134.345_none_42efd13044e18c5e\COMCTL32.dll
0x76050000 - 0x762ac000 	C:\WINDOWS\System32\combase.dll
0x76b50000 - 0x76b76000 	C:\WINDOWS\System32\IMM32.DLL
0x71f30000 - 0x71fef000 	C:\Program Files (x86)\Java\jdk1.8.0_181\jre\bin\msvcr100.dll
0x69f50000 - 0x6a323000 	C:\Program Files (x86)\Java\jdk1.8.0_181\jre\bin\client\jvm.dll
0x75b30000 - 0x75b36000 	C:\WINDOWS\System32\PSAPI.DLL
0x718c0000 - 0x718c8000 	C:\WINDOWS\SYSTEM32\WSOCK32.dll
0x76520000 - 0x76587000 	C:\WINDOWS\System32\WS2_32.dll
0x72bd0000 - 0x72bf4000 	C:\WINDOWS\SYSTEM32\WINMM.dll
0x73a40000 - 0x73a48000 	C:\WINDOWS\SYSTEM32\VERSION.dll
0x725f0000 - 0x72613000 	C:\WINDOWS\SYSTEM32\WINMMBASE.dll
0x741b0000 - 0x741e9000 	C:\WINDOWS\System32\cfgmgr32.dll
0x71f20000 - 0x71f2c000 	C:\Program Files (x86)\Java\jdk1.8.0_181\jre\bin\verify.dll
0x71ef0000 - 0x71f12000 	C:\Program Files (x86)\Java\jdk1.8.0_181\jre\bin\java.dll
0x6d2c0000 - 0x6d2eb000 	C:\Program Files (x86)\Java\jdk1.8.0_181\jre\bin\jdwp.dll
0x71df0000 - 0x71df7000 	C:\Program Files (x86)\Java\jdk1.8.0_181\jre\bin\npt.dll
0x6d2a0000 - 0x6d2c0000 	C:\Program Files (x86)\Java\jdk1.8.0_181\jre\bin\instrument.dll
0x71ed0000 - 0x71ee4000 	C:\Program Files (x86)\Java\jdk1.8.0_181\jre\bin\zip.dll
0x743f0000 - 0x7573a000 	C:\WINDOWS\System32\SHELL32.dll
0x76590000 - 0x76618000 	C:\WINDOWS\System32\shcore.dll
0x76b80000 - 0x77139000 	C:\WINDOWS\System32\windows.storage.dll
0x76860000 - 0x768a5000 	C:\WINDOWS\System32\shlwapi.dll
0x76a80000 - 0x76a8f000 	C:\WINDOWS\System32\kernel.appcore.dll
0x75a10000 - 0x75a28000 	C:\WINDOWS\System32\profapi.dll
0x76810000 - 0x76855000 	C:\WINDOWS\System32\powrprof.dll
0x75f40000 - 0x75f48000 	C:\WINDOWS\System32\FLTLIB.DLL
0x718b0000 - 0x718b8000 	C:\Program Files (x86)\Java\jdk1.8.0_181\jre\bin\dt_socket.dll
0x731e0000 - 0x73236000 	C:\WINDOWS\system32\mswsock.dll
0x715e0000 - 0x71762000 	C:\WINDOWS\SYSTEM32\dbghelp.dll

VM Arguments:
jvm_args: -agentlib:jdwp=transport=dt_socket,address=127.0.0.1:61538,suspend=y,server=n -javaagent:C:\Users\Kossyo\.IntelliJIdea2018.2\system\captureAgent\debugger-agent.jar=file:/C:/Users/Kossyo/AppData/Local/Temp/capture.props -Dfile.encoding=UTF-8 
java_command: ExamPreparation._03may2017.HandScore
java_class_path (initial): C:\Program Files (x86)\Java\jdk1.8.0_181\jre\lib\charsets.jar;C:\Program Files (x86)\Java\jdk1.8.0_181\jre\lib\deploy.jar;C:\Program Files (x86)\Java\jdk1.8.0_181\jre\lib\ext\access-bridge-32.jar;C:\Program Files (x86)\Java\jdk1.8.0_181\jre\lib\ext\cldrdata.jar;C:\Program Files (x86)\Java\jdk1.8.0_181\jre\lib\ext\dnsns.jar;C:\Program Files (x86)\Java\jdk1.8.0_181\jre\lib\ext\jaccess.jar;C:\Program Files (x86)\Java\jdk1.8.0_181\jre\lib\ext\jfxrt.jar;C:\Program Files (x86)\Java\jdk1.8.0_181\jre\lib\ext\localedata.jar;C:\Program Files (x86)\Java\jdk1.8.0_181\jre\lib\ext\nashorn.jar;C:\Program Files (x86)\Java\jdk1.8.0_181\jre\lib\ext\sunec.jar;C:\Program Files (x86)\Java\jdk1.8.0_181\jre\lib\ext\sunjce_provider.jar;C:\Program Files (x86)\Java\jdk1.8.0_181\jre\lib\ext\sunmscapi.jar;C:\Program Files (x86)\Java\jdk1.8.0_181\jre\lib\ext\sunpkcs11.jar;C:\Program Files (x86)\Java\jdk1.8.0_181\jre\lib\ext\zipfs.jar;C:\Program Files (x86)\Java\jdk1.8.0_181\jre\lib\javaws.jar;C:\Program Files (x86)\Java\jdk1.8.0_181\jre\lib\jce.jar;C:\Program Files (x86)\Java\jdk1.8.0_181\jre\lib\jfr.jar;C:\Program Files (x86)\Java\jdk1.8.0_181\jre\lib\jfxswt.jar;C:\Program Files (x86)\Java\jdk1.8.0_181\jre\lib\jsse.jar;C:\Program Files (x86)\Java\jdk1.8.0_181\jre\lib\management-agent.jar;C:\Program Files (x86)\Java\jdk1.8.0_181\jre\lib\plugin.jar;C:\Program Files (x86)\Java\jdk1.8.0_181\jre\lib\resources.jar;C:\Program Files (x86)\Java\jdk1.8.0_181\jre\lib\rt.jar;C:\Users\Kossyo\IdeaProjects\JavaAdvanced\src\IntroToJava\Exercises\out\production\Exercises;C:\Program Files\JetBrains\IntelliJ IDEA 2018.2\lib\idea_rt.jar;C:\Users\Kossyo\.IntelliJIdea2018.2\system\captureAgent\debugger-agent.jar
Launcher Type: SUN_STANDARD

Environment Variables:
JAVA_HOME=C:\Program Files\Java\jdk1.8.0_144
PATH=C:\Program Files\Microsoft MPI\Bin\;"C:\ProgramData\Oracle\Java\javapath;C:\Program Files\Java\jdk1.8.0_144\bin;C:\Program Files\Java\jre1.8.0_144\bin";C:\WINDOWS\system32;C:\WINDOWS;C:\WINDOWS\System32\Wbem;C:\WINDOWS\System32\WindowsPowerShell\v1.0\;C:\Program Files\Java\jre1.8.0_144\bin;C:\Program Files\dotnet\;C:\Program Files\Microsoft SQL Server\130\Tools\Binn\;C:\Program Files\Git\cmd;C:\WINDOWS\System32\OpenSSH\;C:\Program Files\nodejs\;C:\Program Files (x86)\Microsoft SQL Server\Client SDK\ODBC\130\Tools\Binn\;C:\Program Files (x86)\Microsoft SQL Server\140\Tools\Binn\;C:\Program Files (x86)\Microsoft SQL Server\140\DTS\Binn\;C:\Program Files (x86)\Microsoft SQL Server\140\Tools\Binn\ManagementStudio\;C:\Users\Kossyo\AppData\Local\Microsoft\WindowsApps;C:\Users\Kossyo\AppData\Roaming\npm
USERNAME=Kossyo
OS=Windows_NT
PROCESSOR_IDENTIFIER=Intel64 Family 6 Model 142 Stepping 9, GenuineIntel



---------------  S Y S T E M  ---------------

OS: Windows 10.0 , 64 bit Build 17134 (10.0.17134.1)

CPU:total 4 (initial active 4) (2 cores per cpu, 2 threads per core) family 6 model 142 stepping 9, cmov, cx8, fxsr, mmx, sse, sse2, sse3, ssse3, sse4.1, sse4.2, popcnt, avx, avx2, aes, clmul, erms, 3dnowpref, lzcnt, ht, tsc, tscinvbit, bmi1, bmi2, adx

Memory: 4k page, physical 8266228k(3336308k free), swap 9576948k(2960164k free)

vm_info: Java HotSpot(TM) Client VM (25.181-b13) for windows-x86 JRE (1.8.0_181-b13), built on Jul  7 2018 03:18:20 by "java_re" with MS VC++ 10.0 (VS2010)

time: Thu Oct 18 22:31:00 2018
elapsed time: 546 seconds (0d 0h 9m 6s)

